nohup: ignoring input
2018-03-14 16:02:27.344729: W tensorflow/core/platform/cpu_feature_guard.cc:45] The TensorFlow library wasn't compiled to use SSE4.1 instructions, but these are available on your machine and could speed up CPU computations.
2018-03-14 16:02:27.344787: W tensorflow/core/platform/cpu_feature_guard.cc:45] The TensorFlow library wasn't compiled to use SSE4.2 instructions, but these are available on your machine and could speed up CPU computations.
2018-03-14 16:02:27.344812: W tensorflow/core/platform/cpu_feature_guard.cc:45] The TensorFlow library wasn't compiled to use AVX instructions, but these are available on your machine and could speed up CPU computations.
2018-03-14 16:02:27.344822: W tensorflow/core/platform/cpu_feature_guard.cc:45] The TensorFlow library wasn't compiled to use AVX2 instructions, but these are available on your machine and could speed up CPU computations.
2018-03-14 16:02:27.344832: W tensorflow/core/platform/cpu_feature_guard.cc:45] The TensorFlow library wasn't compiled to use FMA instructions, but these are available on your machine and could speed up CPU computations.
2018-03-14 16:02:27.903154: I tensorflow/core/common_runtime/gpu/gpu_device.cc:955] Found device 0 with properties: 
name: Tesla P100-PCIE-16GB
major: 6 minor: 0 memoryClockRate (GHz) 1.3285
pciBusID 0000:83:00.0
Total memory: 15.90GiB
Free memory: 15.61GiB
2018-03-14 16:02:27.903226: I tensorflow/core/common_runtime/gpu/gpu_device.cc:976] DMA: 0 
2018-03-14 16:02:27.903243: I tensorflow/core/common_runtime/gpu/gpu_device.cc:986] 0:   Y 
2018-03-14 16:02:27.903283: I tensorflow/core/common_runtime/gpu/gpu_device.cc:1045] Creating TensorFlow device (/gpu:0) -> (device: 0, name: Tesla P100-PCIE-16GB, pci bus id: 0000:83:00.0)
1
--- 11.500300884246826 seconds ---
2
--- 10.399532556533813 seconds ---
3
--- 10.701512098312378 seconds ---
4
--- 10.780888080596924 seconds ---
5
--- 10.281995058059692 seconds ---
6
--- 10.40429162979126 seconds ---
7
--- 10.715238571166992 seconds ---
8
--- 12.209401845932007 seconds ---
9
--- 10.820698976516724 seconds ---
10
--- 10.627693891525269 seconds ---
11
--- 10.556455135345459 seconds ---
12
--- 10.542190074920654 seconds ---
13
--- 10.625605583190918 seconds ---
14
--- 10.649488687515259 seconds ---
15
--- 10.752598762512207 seconds ---
16
--- 10.869509220123291 seconds ---
17
--- 10.967934370040894 seconds ---
18
--- 10.4476637840271 seconds ---
19
--- 10.318959474563599 seconds ---
20
--- 10.452351808547974 seconds ---
21
--- 10.54364013671875 seconds ---
22
--- 10.660014629364014 seconds ---
23
--- 11.134238004684448 seconds ---
24
--- 10.743652582168579 seconds ---
25
--- 10.550491333007812 seconds ---
26
--- 10.538657903671265 seconds ---
27
--- 10.490550756454468 seconds ---
28
--- 10.834402322769165 seconds ---
29
--- 10.390306234359741 seconds ---
30
--- 10.469480514526367 seconds ---
31
--- 10.639722347259521 seconds ---
32
--- 10.630322933197021 seconds ---
33
--- 10.567006349563599 seconds ---
34
--- 10.435237407684326 seconds ---
35
--- 10.531795978546143 seconds ---
36
--- 10.540441274642944 seconds ---
37
--- 10.585084438323975 seconds ---
38
--- 10.864435195922852 seconds ---
39
--- 10.697510004043579 seconds ---
40
--- 10.844255208969116 seconds ---
41
--- 10.40346360206604 seconds ---
42
--- 10.496358633041382 seconds ---
43
--- 10.965001106262207 seconds ---
44
--- 10.9617440700531 seconds ---
45
--- 10.458437442779541 seconds ---
46
--- 10.955770015716553 seconds ---
47
--- 10.538072347640991 seconds ---
48
--- 10.406810998916626 seconds ---
49
--- 10.90899109840393 seconds ---
50
--- 10.409918069839478 seconds ---
51
--- 10.55275297164917 seconds ---
52
--- 10.804948806762695 seconds ---
53
--- 10.470512390136719 seconds ---
54
--- 10.866447687149048 seconds ---
55
--- 10.550830841064453 seconds ---
56
--- 10.4220290184021 seconds ---
57
--- 12.23042607307434 seconds ---
58
--- 10.390735864639282 seconds ---
59
--- 10.569336414337158 seconds ---
60
--- 10.638428449630737 seconds ---
61
--- 10.533970832824707 seconds ---
62
--- 10.594016790390015 seconds ---
63
--- 10.480797290802002 seconds ---
64
--- 10.446634531021118 seconds ---
65
--- 10.456416130065918 seconds ---
66
--- 10.52640676498413 seconds ---
67
--- 10.396105766296387 seconds ---
68
--- 10.71226167678833 seconds ---
69
--- 10.813546419143677 seconds ---
70
--- 10.401587009429932 seconds ---
71
--- 10.543588399887085 seconds ---
72
--- 10.623155117034912 seconds ---
73
--- 10.266251802444458 seconds ---
74
--- 10.499790668487549 seconds ---
75
--- 10.58874249458313 seconds ---
76
--- 10.590707302093506 seconds ---
77
--- 10.7316255569458 seconds ---
78
--- 10.249369144439697 seconds ---
79
--- 10.895081281661987 seconds ---
80
--- 10.531401872634888 seconds ---
81
--- 10.529902935028076 seconds ---
82
--- 10.547564029693604 seconds ---
83
--- 10.904085397720337 seconds ---
84
--- 10.37362790107727 seconds ---
85
--- 10.319121599197388 seconds ---
86
--- 10.457711696624756 seconds ---
87
--- 10.601581335067749 seconds ---
88
--- 10.76461911201477 seconds ---
89
--- 10.526721239089966 seconds ---
90
--- 10.589515686035156 seconds ---
91
--- 10.643529415130615 seconds ---
92
--- 10.83359980583191 seconds ---
93
--- 11.275177478790283 seconds ---
94
--- 10.675445079803467 seconds ---
95
--- 10.454010963439941 seconds ---
96
--- 10.981797456741333 seconds ---
97
--- 10.352037906646729 seconds ---
98
--- 10.299557209014893 seconds ---
99
--- 10.800409078598022 seconds ---
100
--- 10.642273902893066 seconds ---
101
--- 10.745996713638306 seconds ---
102
--- 10.743224859237671 seconds ---
103
--- 10.40815281867981 seconds ---
104
--- 10.567347526550293 seconds ---
105
--- 10.677057266235352 seconds ---
106
--- 10.47960114479065 seconds ---
107
--- 10.474525928497314 seconds ---
108
--- 10.593278884887695 seconds ---
109
--- 10.635984420776367 seconds ---
110
--- 10.878598690032959 seconds ---
111
--- 10.323970556259155 seconds ---
112
--- 10.46847939491272 seconds ---
113
--- 10.55664587020874 seconds ---
114
--- 11.089462995529175 seconds ---
115
--- 10.514529943466187 seconds ---
116
--- 10.581640243530273 seconds ---
117
--- 10.888649702072144 seconds ---
118
--- 10.595816373825073 seconds ---
119
--- 10.72404932975769 seconds ---
120
--- 10.683493375778198 seconds ---
121
--- 10.565690279006958 seconds ---
122
--- 10.34751009941101 seconds ---
123
--- 10.659658432006836 seconds ---
124
--- 10.7016441822052 seconds ---
125
--- 10.5421621799469 seconds ---
126
--- 10.539443254470825 seconds ---
127
--- 10.458060026168823 seconds ---
128
--- 10.472312211990356 seconds ---
129
--- 10.685108184814453 seconds ---
130
--- 10.482479333877563 seconds ---
131
--- 10.819277048110962 seconds ---
132
--- 10.778195142745972 seconds ---
133
--- 10.361936569213867 seconds ---
134
--- 10.874734163284302 seconds ---
135
--- 10.731775760650635 seconds ---
136
--- 10.4940664768219 seconds ---
137
--- 10.895864248275757 seconds ---
138
--- 10.444703817367554 seconds ---
139
--- 10.868561506271362 seconds ---
140
--- 10.619446277618408 seconds ---
141
--- 10.64893364906311 seconds ---
142
--- 10.754345893859863 seconds ---
143
--- 10.42365288734436 seconds ---
144
--- 10.330516338348389 seconds ---
145
--- 10.893814086914062 seconds ---
146
--- 11.705576419830322 seconds ---
147
--- 10.810502767562866 seconds ---
148
--- 10.584245920181274 seconds ---
149
--- 10.75247597694397 seconds ---
150
--- 10.578971147537231 seconds ---
151
--- 10.725448369979858 seconds ---
152
--- 10.730182886123657 seconds ---
153
--- 10.294041156768799 seconds ---
154
--- 10.521647691726685 seconds ---
155
--- 10.505470037460327 seconds ---
156
--- 10.720688581466675 seconds ---
157
--- 10.625900030136108 seconds ---
158
--- 10.546958446502686 seconds ---
159
--- 10.590640783309937 seconds ---
160
--- 10.580369234085083 seconds ---
161
--- 10.489554405212402 seconds ---
162
--- 10.921841382980347 seconds ---
163
--- 10.477744340896606 seconds ---
164
--- 10.812132120132446 seconds ---
165
--- 10.85393476486206 seconds ---
166
--- 10.74480676651001 seconds ---
167
--- 10.663360357284546 seconds ---
168
--- 10.741605997085571 seconds ---
169
--- 10.32359504699707 seconds ---
170
--- 10.560577154159546 seconds ---
171
--- 10.746614933013916 seconds ---
172
--- 10.43766474723816 seconds ---
173
--- 10.5559241771698 seconds ---
174
--- 10.630062103271484 seconds ---
175
--- 10.451481342315674 seconds ---
176
--- 10.649645566940308 seconds ---
177
--- 10.539500713348389 seconds ---
178
--- 10.4590744972229 seconds ---
179
--- 10.839193344116211 seconds ---
180
--- 10.42137622833252 seconds ---
181
--- 10.788171529769897 seconds ---
182
--- 10.422086954116821 seconds ---
183
--- 10.729045629501343 seconds ---
184
--- 10.882606744766235 seconds ---
185
--- 11.000152587890625 seconds ---
186
--- 10.44706678390503 seconds ---
187
--- 10.562384366989136 seconds ---
188
--- 10.38226866722107 seconds ---
189
--- 10.897948026657104 seconds ---
190
--- 10.55491852760315 seconds ---
191
--- 10.596373558044434 seconds ---
192
--- 10.638903141021729 seconds ---
193
--- 11.060716152191162 seconds ---
194
--- 10.68629765510559 seconds ---
195
--- 10.277715921401978 seconds ---
196
--- 10.038346290588379 seconds ---
197
--- 9.756737470626831 seconds ---
198
--- 9.811906814575195 seconds ---
199
--- 9.852572441101074 seconds ---
200
--- 10.078410863876343 seconds ---
201
--- 10.180941581726074 seconds ---
202
--- 10.239049196243286 seconds ---
203
--- 10.08591365814209 seconds ---
204
--- 10.305564165115356 seconds ---
205
--- 9.832385540008545 seconds ---
206
--- 9.70796275138855 seconds ---
207
--- 9.998759508132935 seconds ---
208
--- 9.998645782470703 seconds ---
209
--- 10.15770149230957 seconds ---
210
--- 9.741723537445068 seconds ---
211
--- 9.841181993484497 seconds ---
212
--- 10.09371280670166 seconds ---
213
--- 9.770489931106567 seconds ---
214
--- 9.942962169647217 seconds ---
215
--- 10.416104316711426 seconds ---
216
--- 9.80992078781128 seconds ---
217
--- 9.912868976593018 seconds ---
218
--- 9.993717432022095 seconds ---
219
--- 10.151063680648804 seconds ---
220
--- 9.930956602096558 seconds ---
221
--- 10.086829423904419 seconds ---
222
--- 9.948238611221313 seconds ---
223
--- 9.668182373046875 seconds ---
224
--- 9.970042943954468 seconds ---
225
--- 9.665759086608887 seconds ---
226
--- 10.127284526824951 seconds ---
227
--- 10.017724514007568 seconds ---
228
--- 9.839738130569458 seconds ---
229
--- 9.697978973388672 seconds ---
230
--- 9.968531131744385 seconds ---
231
--- 10.001925230026245 seconds ---
232
--- 9.986511945724487 seconds ---
233
--- 10.096994876861572 seconds ---
234
--- 9.802011489868164 seconds ---
235
--- 9.802006006240845 seconds ---
236
--- 10.075214147567749 seconds ---
237
--- 10.668620824813843 seconds ---
238
--- 10.126155138015747 seconds ---
239
--- 9.87372088432312 seconds ---
240
--- 9.849673748016357 seconds ---
241
--- 10.009965181350708 seconds ---
242
--- 9.794132471084595 seconds ---
243
--- 9.858827114105225 seconds ---
244
--- 9.878964900970459 seconds ---
245
--- 10.206011533737183 seconds ---
246
--- 10.422988891601562 seconds ---
247
--- 10.315637111663818 seconds ---
248
--- 10.229377746582031 seconds ---
249
--- 10.137990236282349 seconds ---
250
--- 9.944649934768677 seconds ---
251
--- 9.933782815933228 seconds ---
252
--- 10.074228286743164 seconds ---
253
--- 9.914365768432617 seconds ---
254
--- 10.05401611328125 seconds ---
255
--- 10.032744884490967 seconds ---
256
--- 10.668505430221558 seconds ---
257
--- 13.335751295089722 seconds ---
258
--- 10.8886878490448 seconds ---
259
--- 12.365861654281616 seconds ---
260
--- 11.057501316070557 seconds ---
261
--- 10.475905656814575 seconds ---
262
--- 11.871527433395386 seconds ---
263
--- 10.522716999053955 seconds ---
264
--- 10.900381565093994 seconds ---
265
--- 11.641667127609253 seconds ---
266
--- 12.046371698379517 seconds ---
267
--- 10.84682011604309 seconds ---
268
--- 10.918139219284058 seconds ---
269
--- 11.455937385559082 seconds ---
270
--- 10.986966609954834 seconds ---
271
--- 11.402177095413208 seconds ---
272
--- 11.440866947174072 seconds ---
273
--- 10.967078924179077 seconds ---
274
--- 11.236599683761597 seconds ---
275
--- 12.424731016159058 seconds ---
276
--- 10.746737241744995 seconds ---
277
--- 10.723918676376343 seconds ---
278
--- 13.017711400985718 seconds ---
279
--- 10.973442554473877 seconds ---
280
--- 11.030116558074951 seconds ---
281
--- 11.406449556350708 seconds ---
282
--- 10.554342031478882 seconds ---
283
--- 10.578711748123169 seconds ---
284
--- 12.118465185165405 seconds ---
285
--- 10.846733331680298 seconds ---
286
--- 10.406468868255615 seconds ---
287
--- 13.088076829910278 seconds ---
288
--- 10.391924381256104 seconds ---
289
--- 10.492233276367188 seconds ---
290
--- 12.741692543029785 seconds ---
291
--- 12.031759977340698 seconds ---
292
--- 10.759279489517212 seconds ---
293
--- 11.581149339675903 seconds ---
294
--- 10.992438316345215 seconds ---
295
--- 10.985302925109863 seconds ---
296
--- 12.890073776245117 seconds ---
297
--- 11.259578227996826 seconds ---
298
--- 10.75235104560852 seconds ---
299
--- 11.95824646949768 seconds ---
300
--- 11.943858623504639 seconds ---
301
--- 10.7284677028656 seconds ---
302
--- 12.743505716323853 seconds ---
303
--- 10.702064514160156 seconds ---
304
--- 10.741220235824585 seconds ---
305
--- 11.9494309425354 seconds ---
306
--- 10.790928840637207 seconds ---
307
--- 10.605366706848145 seconds ---
308
--- 12.00779390335083 seconds ---
309
--- 10.43877363204956 seconds ---
310
--- 10.625940322875977 seconds ---
311
--- 12.323936700820923 seconds ---
312
--- 10.961838483810425 seconds ---
313
--- 10.743544101715088 seconds ---
314
--- 12.560056924819946 seconds ---
315
--- 11.022574663162231 seconds ---
316
--- 10.682960271835327 seconds ---
317
--- 11.77701997756958 seconds ---
318
--- 11.130629539489746 seconds ---
319
--- 10.554890632629395 seconds ---
320
--- 12.181785345077515 seconds ---
321
--- 11.042340993881226 seconds ---
322
--- 10.70518970489502 seconds ---
323
--- 11.501237154006958 seconds ---
324
--- 11.241174221038818 seconds ---
325
--- 10.754070281982422 seconds ---
326
--- 11.008801937103271 seconds ---
327
--- 10.914518356323242 seconds ---
328
--- 10.746437311172485 seconds ---
329
--- 11.310689449310303 seconds ---
330
--- 12.057247877120972 seconds ---
331
--- 10.691808938980103 seconds ---
332
--- 10.916013479232788 seconds ---
333
--- 11.697679996490479 seconds ---
334
--- 10.826005220413208 seconds ---
335
--- 10.118392944335938 seconds ---
336
--- 12.577300310134888 seconds ---
337
--- 10.58295226097107 seconds ---
338
--- 10.386277437210083 seconds ---
339
--- 11.951700448989868 seconds ---
340
--- 11.12738037109375 seconds ---
341
--- 11.175201416015625 seconds ---
342
--- 11.49030876159668 seconds ---
343
--- 11.841438293457031 seconds ---
344
--- 10.84254789352417 seconds ---
345
--- 11.576596736907959 seconds ---
346
--- 14.034265518188477 seconds ---
347
--- 10.850502967834473 seconds ---
348
--- 10.989748239517212 seconds ---
349
--- 12.802543878555298 seconds ---
350
--- 10.7918701171875 seconds ---
351
--- 11.079758405685425 seconds ---
352
--- 12.751938343048096 seconds ---
353
--- 10.556224346160889 seconds ---
354
--- 10.423435926437378 seconds ---
355
--- 13.15455150604248 seconds ---
356
--- 11.615522861480713 seconds ---
357
--- 11.001692295074463 seconds ---
358
--- 11.71219801902771 seconds ---
359
--- 10.715821027755737 seconds ---
360
--- 10.304047584533691 seconds ---
361
--- 12.229782104492188 seconds ---
362
--- 10.685578107833862 seconds ---
363
--- 10.490270614624023 seconds ---
364
--- 11.737869024276733 seconds ---
365
--- 11.273972272872925 seconds ---
366
--- 10.719824314117432 seconds ---
367
--- 13.280855178833008 seconds ---
368
--- 10.498485088348389 seconds ---
369
--- 10.535300254821777 seconds ---
370
--- 11.767012596130371 seconds ---
371
--- 11.506422281265259 seconds ---
372
--- 10.592247009277344 seconds ---
373
--- 12.209399461746216 seconds ---
374
--- 11.261919498443604 seconds ---
375
--- 10.572233200073242 seconds ---
376
--- 11.942603349685669 seconds ---
377
--- 11.555222749710083 seconds ---
378
--- 10.81093430519104 seconds ---
379
--- 11.72588586807251 seconds ---
380
--- 11.834547519683838 seconds ---
381
--- 10.681697845458984 seconds ---
382
--- 11.015112161636353 seconds ---
383
--- 11.870790004730225 seconds ---
384
--- 10.604165077209473 seconds ---
385
--- 11.82325267791748 seconds ---
386
--- 12.521256685256958 seconds ---
387
--- 10.806782484054565 seconds ---
388
--- 10.83242678642273 seconds ---
389
--- 11.935082197189331 seconds ---
390
--- 10.674564838409424 seconds ---
391
--- 10.712591409683228 seconds ---
392
--- 12.648534536361694 seconds ---
393
--- 10.926475763320923 seconds ---
394
--- 10.298280954360962 seconds ---
395
--- 13.134666204452515 seconds ---
396
--- 10.784923076629639 seconds ---
397
--- 10.442373514175415 seconds ---
398
--- 13.341881513595581 seconds ---
399
--- 10.575212717056274 seconds ---
400
--- 10.245961427688599 seconds ---
401
--- 12.921356439590454 seconds ---
402
--- 10.450942516326904 seconds ---
403
--- 10.476407527923584 seconds ---
404
--- 14.376464366912842 seconds ---
405
--- 10.928779125213623 seconds ---
406
--- 10.644486427307129 seconds ---
407
--- 12.44746446609497 seconds ---
408
--- 11.299007177352905 seconds ---
409
--- 10.470968961715698 seconds ---
410
--- 12.59798550605774 seconds ---
411
--- 10.920966386795044 seconds ---
412
--- 10.84500503540039 seconds ---
413
--- 11.619059324264526 seconds ---
414
--- 13.72603464126587 seconds ---
415
--- 10.849241733551025 seconds ---
416
--- 11.157789707183838 seconds ---
417
--- 12.3593909740448 seconds ---
418
--- 11.141851425170898 seconds ---
419
--- 11.194602966308594 seconds ---
420
--- 12.078044176101685 seconds ---
421
--- 10.727909803390503 seconds ---
422
--- 10.918950319290161 seconds ---
423
--- 11.581636667251587 seconds ---
424
--- 10.808806419372559 seconds ---
425
--- 11.019107103347778 seconds ---
426
--- 12.412601470947266 seconds ---
427
--- 10.789161682128906 seconds ---
428
--- 10.367707014083862 seconds ---
429
--- 13.065180778503418 seconds ---
430
--- 10.901546478271484 seconds ---
431
--- 10.191534757614136 seconds ---
432
--- 13.073106527328491 seconds ---
433
--- 10.953163385391235 seconds ---
434
--- 10.287150144577026 seconds ---
435
--- 13.475615739822388 seconds ---
436
--- 10.533436298370361 seconds ---
437
--- 10.671869039535522 seconds ---
438
--- 13.25055456161499 seconds ---
439
--- 10.607391119003296 seconds ---
440
--- 10.450075387954712 seconds ---
441
--- 11.931689739227295 seconds ---
442
--- 10.696134328842163 seconds ---
443
--- 10.683897018432617 seconds ---
444
--- 12.190773963928223 seconds ---
445
--- 10.920704364776611 seconds ---
446
--- 10.792885541915894 seconds ---
447
--- 11.609975337982178 seconds ---
448
--- 11.515960931777954 seconds ---
449
--- 10.86762022972107 seconds ---
450
--- 11.665003061294556 seconds ---
451
--- 11.920201778411865 seconds ---
452
--- 10.691495656967163 seconds ---
453
--- 11.052670240402222 seconds ---
454
--- 12.10106897354126 seconds ---
455
--- 10.928741693496704 seconds ---
456
--- 10.52060580253601 seconds ---
457
--- 12.550192832946777 seconds ---
458
--- 10.396520853042603 seconds ---
459
--- 10.385038375854492 seconds ---
460
--- 13.591541290283203 seconds ---
461
--- 10.552945137023926 seconds ---
462
--- 10.508031129837036 seconds ---
463
--- 11.929633140563965 seconds ---
464
--- 12.553770303726196 seconds ---
465
--- 10.418500185012817 seconds ---
466
--- 11.969354391098022 seconds ---
467
--- 10.548232555389404 seconds ---
468
--- 10.401607513427734 seconds ---
469
--- 12.738315343856812 seconds ---
470
--- 10.773433446884155 seconds ---
471
--- 10.636561393737793 seconds ---
472
--- 12.57503890991211 seconds ---
473
--- 10.727797269821167 seconds ---
474
--- 12.07193374633789 seconds ---
475
--- 12.471764087677002 seconds ---
476
--- 10.83845829963684 seconds ---
477
--- 10.315709829330444 seconds ---
478
--- 12.0402250289917 seconds ---
479
--- 10.613880395889282 seconds ---
480
--- 10.7142174243927 seconds ---
481
--- 11.877000093460083 seconds ---
482
--- 11.564196348190308 seconds ---
483
--- 10.888550758361816 seconds ---
484
--- 11.295832395553589 seconds ---
485
--- 11.223119735717773 seconds ---
486
--- 10.83744740486145 seconds ---
487
--- 11.5342276096344 seconds ---
488
--- 11.246545791625977 seconds ---
489
--- 10.804479122161865 seconds ---
490
--- 11.183055400848389 seconds ---
491
--- 12.556774377822876 seconds ---
492
--- 10.876591682434082 seconds ---
493
--- 10.436386585235596 seconds ---
494
--- 12.20948076248169 seconds ---
495
--- 10.433438539505005 seconds ---
496
--- 10.748313188552856 seconds ---
497
--- 11.8578782081604 seconds ---
498
--- 11.034251928329468 seconds ---
499
--- 10.548300981521606 seconds ---
500
--- 12.857038497924805 seconds ---
501
--- 11.10233736038208 seconds ---
502
--- 10.993878364562988 seconds ---
503
--- 10.550483465194702 seconds ---
504
--- 10.764615058898926 seconds ---
505
--- 11.012065172195435 seconds ---
506
--- 10.365432024002075 seconds ---
507
--- 11.51073408126831 seconds ---
508
--- 10.834510326385498 seconds ---
509
--- 10.671276092529297 seconds ---
510
--- 10.927937269210815 seconds ---
511
--- 10.924832582473755 seconds ---
512
--- 11.49111294746399 seconds ---
513
--- 11.231934785842896 seconds ---
514
--- 10.990516662597656 seconds ---
515
--- 10.937336206436157 seconds ---
516
--- 10.770105123519897 seconds ---
517
--- 10.936463832855225 seconds ---
518
--- 11.207344770431519 seconds ---
519
--- 10.35251498222351 seconds ---
520
--- 10.823992013931274 seconds ---
521
--- 10.599789142608643 seconds ---
522
--- 11.328693389892578 seconds ---
523
--- 10.99912714958191 seconds ---
524
--- 10.721348285675049 seconds ---
525
--- 10.990322828292847 seconds ---
526
--- 12.537867784500122 seconds ---
527
--- 10.962947130203247 seconds ---
528
--- 10.82753586769104 seconds ---
529
--- 10.566845417022705 seconds ---
530
--- 11.113194465637207 seconds ---
531
--- 11.186216592788696 seconds ---
532
--- 10.785659551620483 seconds ---
533
--- 10.726754903793335 seconds ---
534
--- 10.807862758636475 seconds ---
535
--- 11.263340711593628 seconds ---
536
--- 11.131128072738647 seconds ---
537
--- 11.69408130645752 seconds ---
538
--- 10.971756935119629 seconds ---
539
--- 11.363768815994263 seconds ---
540
--- 10.722097158432007 seconds ---
541
--- 11.062049388885498 seconds ---
542
--- 10.619804859161377 seconds ---
543
--- 11.279512643814087 seconds ---
544
--- 11.221460580825806 seconds ---
545
--- 10.61517858505249 seconds ---
546
--- 11.255113363265991 seconds ---
547
--- 11.045699834823608 seconds ---
548
--- 11.16978907585144 seconds ---
549
--- 11.23658275604248 seconds ---
550
--- 11.272833347320557 seconds ---
551
--- 11.244370698928833 seconds ---
552
--- 10.568552732467651 seconds ---
553
--- 11.018751382827759 seconds ---
554
--- 10.910591125488281 seconds ---
555
--- 10.600253582000732 seconds ---
556
--- 10.72716999053955 seconds ---
557
--- 10.590054512023926 seconds ---
558
--- 11.117208242416382 seconds ---
559
--- 11.27387547492981 seconds ---
560
--- 11.00040054321289 seconds ---
561
--- 11.00413703918457 seconds ---
562
--- 10.492836475372314 seconds ---
563
--- 11.358574151992798 seconds ---
564
--- 11.102677345275879 seconds ---
565
--- 10.891136407852173 seconds ---
566
--- 11.127913475036621 seconds ---
567
--- 10.514957904815674 seconds ---
568
--- 11.15127444267273 seconds ---
569
--- 10.985292434692383 seconds ---
570
--- 10.874733448028564 seconds ---
571
--- 11.025607347488403 seconds ---
572
--- 11.004975318908691 seconds ---
573
--- 10.953815221786499 seconds ---
574
--- 10.715576171875 seconds ---
575
--- 11.243266820907593 seconds ---
576
--- 11.203377723693848 seconds ---
577
--- 10.958751916885376 seconds ---
578
--- 10.926028490066528 seconds ---
579
--- 10.634251594543457 seconds ---
580
--- 11.176326513290405 seconds ---
581
--- 11.031606912612915 seconds ---
582
--- 10.911827325820923 seconds ---
583
--- 11.081581592559814 seconds ---
584
--- 10.63064193725586 seconds ---
585
--- 10.69050931930542 seconds ---
586
--- 10.568709373474121 seconds ---
587
--- 11.055536985397339 seconds ---
588
--- 10.729445695877075 seconds ---
589
--- 11.367342710494995 seconds ---
590
--- 10.914161920547485 seconds ---
591
--- 10.560635566711426 seconds ---
592
--- 11.84708547592163 seconds ---
593
--- 12.275183916091919 seconds ---
594
--- 10.664274215698242 seconds ---
595
--- 10.746333360671997 seconds ---
596
--- 10.636212587356567 seconds ---
597
--- 11.226559162139893 seconds ---
598
--- 10.843998670578003 seconds ---
599
--- 10.557746410369873 seconds ---
600
--- 11.048598766326904 seconds ---
601
--- 10.68817949295044 seconds ---
602
--- 10.988226652145386 seconds ---
603
--- 11.102512836456299 seconds ---
604
--- 11.98728895187378 seconds ---
605
--- 10.747398614883423 seconds ---
606
--- 10.776719093322754 seconds ---
607
--- 10.669494867324829 seconds ---
608
--- 10.93988037109375 seconds ---
609
--- 10.699221849441528 seconds ---
610
--- 11.420206308364868 seconds ---
611
--- 10.687485218048096 seconds ---
612
--- 10.936446905136108 seconds ---
613
--- 11.002054691314697 seconds ---
614
--- 10.771119117736816 seconds ---
615
--- 10.739724159240723 seconds ---
616
--- 10.735037088394165 seconds ---
617
--- 11.257489681243896 seconds ---
618
--- 10.979987859725952 seconds ---
619
--- 10.678613901138306 seconds ---
620
--- 10.899710416793823 seconds ---
621
--- 10.63240361213684 seconds ---
622
--- 10.984573602676392 seconds ---
623
--- 10.627782583236694 seconds ---
624
--- 11.070462226867676 seconds ---
625
--- 11.075168132781982 seconds ---
626
--- 10.927501440048218 seconds ---
627
--- 10.82685112953186 seconds ---
628
--- 10.428028106689453 seconds ---
629
--- 11.235417127609253 seconds ---
630
--- 11.11254334449768 seconds ---
631
--- 10.81572675704956 seconds ---
632
--- 10.714195966720581 seconds ---
633
--- 10.79273271560669 seconds ---
634
--- 11.14089584350586 seconds ---
635
--- 11.13479232788086 seconds ---
636
--- 10.608637809753418 seconds ---
637
--- 11.719910144805908 seconds ---
638
--- 10.950598239898682 seconds ---
639
--- 11.269628524780273 seconds ---
640
--- 11.419080018997192 seconds ---
641
--- 11.070725202560425 seconds ---
642
--- 11.201767683029175 seconds ---
643
--- 10.77696180343628 seconds ---
644
--- 11.604704141616821 seconds ---
645
--- 10.944606065750122 seconds ---
646
--- 12.304556608200073 seconds ---
647
--- 10.863038063049316 seconds ---
648
--- 10.810662269592285 seconds ---
649
--- 11.287003755569458 seconds ---
650
--- 10.51357102394104 seconds ---
651
--- 11.669992923736572 seconds ---
652
--- 11.418704271316528 seconds ---
653
--- 11.50903034210205 seconds ---
654
--- 11.15852665901184 seconds ---
655
--- 11.366711378097534 seconds ---
656
--- 11.020104885101318 seconds ---
657
--- 10.86984395980835 seconds ---
658
--- 12.128612041473389 seconds ---
659
--- 10.56263780593872 seconds ---
660
--- 11.523437261581421 seconds ---
661
--- 10.8488187789917 seconds ---
662
--- 13.738542795181274 seconds ---
663
--- 11.027473449707031 seconds ---
664
--- 10.871597528457642 seconds ---
665
--- 11.165340900421143 seconds ---
666
--- 10.667346239089966 seconds ---
667
--- 11.63809323310852 seconds ---
668
--- 11.005361557006836 seconds ---
669
--- 11.977216720581055 seconds ---
670
--- 11.062662839889526 seconds ---
671
--- 10.941779136657715 seconds ---
672
--- 11.113746166229248 seconds ---
673
--- 11.141359567642212 seconds ---
674
--- 12.854820489883423 seconds ---
675
--- 10.711067199707031 seconds ---
676
--- 12.054921627044678 seconds ---
677
--- 11.013111591339111 seconds ---
678
--- 11.37361216545105 seconds ---
679
--- 10.966598749160767 seconds ---
680
--- 12.070080280303955 seconds ---
681
--- 10.733751773834229 seconds ---
682
--- 11.480397701263428 seconds ---
683
--- 10.725924015045166 seconds ---
684
--- 10.710655450820923 seconds ---
685
--- 11.028650999069214 seconds ---
686
--- 10.850569009780884 seconds ---
687
--- 11.693339347839355 seconds ---
688
--- 11.057764530181885 seconds ---
689
--- 11.931655406951904 seconds ---
690
--- 11.012961626052856 seconds ---
691
--- 10.848826169967651 seconds ---
692
--- 11.891357898712158 seconds ---
693
--- 10.594368696212769 seconds ---
694
--- 11.279871702194214 seconds ---
695
--- 11.098392486572266 seconds ---
696
--- 11.846521854400635 seconds ---
697
--- 11.040587902069092 seconds ---
698
--- 11.34748649597168 seconds ---
699
--- 10.984041690826416 seconds ---
700
--- 10.954264640808105 seconds ---
701
--- 11.36925721168518 seconds ---
702
--- 10.810836553573608 seconds ---
703
--- 11.783880472183228 seconds ---
704
--- 11.259662628173828 seconds ---
705
--- 11.570609331130981 seconds ---
706
--- 10.859619379043579 seconds ---
707
--- 11.812561988830566 seconds ---
708
--- 11.130890369415283 seconds ---
709
--- 10.779951810836792 seconds ---
710
--- 11.728680849075317 seconds ---
711
--- 10.493489265441895 seconds ---
712
--- 11.344355821609497 seconds ---
713
--- 10.99843430519104 seconds ---
714
--- 11.796957969665527 seconds ---
715
--- 11.130136728286743 seconds ---
716
--- 11.69974684715271 seconds ---
717
--- 11.001022815704346 seconds ---
718
--- 10.846412658691406 seconds ---
719
--- 11.134413957595825 seconds ---
720
--- 10.995015859603882 seconds ---
721
--- 12.117903232574463 seconds ---
722
--- 10.99722409248352 seconds ---
723
--- 11.220348596572876 seconds ---
724
--- 10.812384366989136 seconds ---
725
--- 11.90742540359497 seconds ---
726
--- 10.997568368911743 seconds ---
727
--- 10.96935510635376 seconds ---
728
--- 11.428147077560425 seconds ---
729
--- 11.028810262680054 seconds ---
730
--- 11.840377807617188 seconds ---
731
--- 13.692257642745972 seconds ---
732
--- 11.242491722106934 seconds ---
733
--- 11.041177034378052 seconds ---
734
--- 10.640498876571655 seconds ---
735
--- 10.507761478424072 seconds ---
736
--- 10.985656261444092 seconds ---
737
--- 11.026588439941406 seconds ---
738
--- 11.818835735321045 seconds ---
739
--- 11.19320297241211 seconds ---
740
--- 11.888346433639526 seconds ---
741
--- 10.952623844146729 seconds ---
742
--- 12.558255910873413 seconds ---
743
--- 11.438284873962402 seconds ---
744
--- 10.864810466766357 seconds ---
745
--- 11.53583312034607 seconds ---
746
--- 10.727252006530762 seconds ---
747
--- 11.294494152069092 seconds ---
748
--- 11.007072687149048 seconds ---
749
--- 11.549174308776855 seconds ---
750
--- 10.937635898590088 seconds ---
751
--- 11.50335693359375 seconds ---
752
--- 11.026983499526978 seconds ---
753
--- 11.097893238067627 seconds ---
754
--- 11.386823415756226 seconds ---
755
--- 10.487322092056274 seconds ---
756
--- 11.5310537815094 seconds ---
757
--- 11.115531206130981 seconds ---
758
--- 12.000428199768066 seconds ---
759
--- 11.170151233673096 seconds ---
760
--- 11.2591073513031 seconds ---
761
--- 11.509770631790161 seconds ---
762
--- 10.649309158325195 seconds ---
763
--- 11.418483257293701 seconds ---
764
--- 10.831575632095337 seconds ---
765
--- 11.33591890335083 seconds ---
766
--- 11.123654842376709 seconds ---
767
--- 10.917947053909302 seconds ---
768
--- 11.252293109893799 seconds ---
769
--- 11.053510904312134 seconds ---
770
--- 11.534417867660522 seconds ---
771
--- 10.999818086624146 seconds ---
772
--- 10.993160247802734 seconds ---
773
--- 10.980682373046875 seconds ---
774
--- 11.81151008605957 seconds ---
775
--- 10.63581109046936 seconds ---
776
--- 11.263780117034912 seconds ---
777
--- 10.96336841583252 seconds ---
778
--- 10.653162479400635 seconds ---
779
--- 11.389150857925415 seconds ---
780
--- 11.059160470962524 seconds ---
781
--- 12.325539827346802 seconds ---
782
--- 10.898983240127563 seconds ---
783
--- 10.65577244758606 seconds ---
784
--- 11.69837236404419 seconds ---
785
--- 10.895293951034546 seconds ---
786
--- 11.194908380508423 seconds ---
787
--- 10.860244512557983 seconds ---
788
--- 11.088596105575562 seconds ---
789
--- 11.078480243682861 seconds ---
790
--- 10.473588705062866 seconds ---
791
--- 11.300014019012451 seconds ---
792
--- 10.802401065826416 seconds ---
793
--- 11.368591547012329 seconds ---
794
--- 11.012675523757935 seconds ---
795
--- 10.792163610458374 seconds ---
796
--- 11.5623779296875 seconds ---
797
--- 10.697521448135376 seconds ---
798
--- 11.803766012191772 seconds ---
799
--- 10.93632698059082 seconds ---
800
--- 11.718620538711548 seconds ---
801
--- 11.026634454727173 seconds ---
802
--- 12.337782859802246 seconds ---
803
--- 11.053292036056519 seconds ---
804
--- 10.638187170028687 seconds ---
805
--- 11.79085659980774 seconds ---
806
--- 10.608213424682617 seconds ---
807
--- 12.274740934371948 seconds ---
808
--- 10.967380046844482 seconds ---
809
--- 12.246699094772339 seconds ---
810
--- 10.873637199401855 seconds ---
811
--- 10.843108892440796 seconds ---
812
--- 11.467025756835938 seconds ---
813
--- 10.913833856582642 seconds ---
814
--- 12.916272640228271 seconds ---
815
--- 11.061686277389526 seconds ---
816
--- 11.633451223373413 seconds ---
817
--- 10.761238813400269 seconds ---
818
--- 11.366307497024536 seconds ---
819
--- 11.94492793083191 seconds ---
820
--- 11.073196649551392 seconds ---
821
--- 11.191743612289429 seconds ---
822
--- 13.171288013458252 seconds ---
823
--- 10.789538383483887 seconds ---
824
--- 10.319297552108765 seconds ---
825
--- 12.257487297058105 seconds ---
826
--- 11.398717880249023 seconds ---
827
--- 10.712051391601562 seconds ---
828
--- 11.300570964813232 seconds ---
829
--- 12.170516014099121 seconds ---
830
--- 10.883652448654175 seconds ---
831
--- 10.731043338775635 seconds ---
832
--- 12.10702633857727 seconds ---
833
--- 10.736390113830566 seconds ---
834
--- 10.437613248825073 seconds ---
835
--- 11.846775770187378 seconds ---
836
--- 11.314611434936523 seconds ---
837
--- 10.972650051116943 seconds ---
838
--- 10.989556550979614 seconds ---
839
--- 12.643558502197266 seconds ---
840
--- 10.752960681915283 seconds ---
841
--- 10.182687282562256 seconds ---
842
--- 13.30721640586853 seconds ---
843
--- 10.622639894485474 seconds ---
844
--- 10.668055534362793 seconds ---
845
--- 12.061306715011597 seconds ---
846
--- 11.341235160827637 seconds ---
847
--- 10.942644596099854 seconds ---
848
--- 10.82886528968811 seconds ---
849
--- 12.036180019378662 seconds ---
850
--- 11.015604257583618 seconds ---
851
--- 10.294222593307495 seconds ---
852
--- 12.968467473983765 seconds ---
853
--- 10.733604907989502 seconds ---
854
--- 10.968876600265503 seconds ---
855
--- 11.118767023086548 seconds ---
856
--- 11.80248475074768 seconds ---
857
--- 11.010045289993286 seconds ---
858
--- 10.885454654693604 seconds ---
859
--- 11.851984977722168 seconds ---
860
--- 10.580535173416138 seconds ---
861
--- 10.634936094284058 seconds ---
862
--- 13.269459009170532 seconds ---
863
--- 11.010777473449707 seconds ---
864
--- 10.810203552246094 seconds ---
865
--- 12.28077745437622 seconds ---
866
--- 11.202626943588257 seconds ---
867
--- 10.849714994430542 seconds ---
868
--- 11.118079662322998 seconds ---
869
--- 12.513560771942139 seconds ---
870
--- 10.63402247428894 seconds ---
871
--- 10.63360857963562 seconds ---
872
--- 12.65453577041626 seconds ---
873
--- 10.61479139328003 seconds ---
874
--- 12.123064994812012 seconds ---
875
--- 11.931731224060059 seconds ---
876
--- 10.463304996490479 seconds ---
877
--- 10.507529020309448 seconds ---
878
--- 13.04323410987854 seconds ---
879
--- 11.090755701065063 seconds ---
880
--- 10.64720869064331 seconds ---
881
--- 11.602731704711914 seconds ---
882
--- 11.425408363342285 seconds ---
883
--- 10.676176071166992 seconds ---
884
--- 10.853302240371704 seconds ---
885
--- 12.556131362915039 seconds ---
886
--- 12.327120065689087 seconds ---
887
--- 10.44943881034851 seconds ---
888
--- 12.402093410491943 seconds ---
889
--- 10.768583536148071 seconds ---
890
--- 10.361976146697998 seconds ---
891
--- 12.953805923461914 seconds ---
892
--- 10.769728899002075 seconds ---
893
--- 10.574486255645752 seconds ---
894
--- 11.46587347984314 seconds ---
895
--- 11.862860679626465 seconds ---
896
--- 10.633666753768921 seconds ---
897
--- 11.000859498977661 seconds ---
898
--- 11.997100353240967 seconds ---
899
--- 10.861538171768188 seconds ---
900
--- 10.278951644897461 seconds ---
901
--- 12.532830476760864 seconds ---
902
--- 10.746317386627197 seconds ---
903
--- 10.455392837524414 seconds ---
904
--- 12.01627230644226 seconds ---
905
--- 11.214587688446045 seconds ---
906
--- 10.743228197097778 seconds ---
907
--- 11.559381246566772 seconds ---
908
--- 11.869403839111328 seconds ---
909
--- 10.658273935317993 seconds ---
910
--- 10.975101709365845 seconds ---
911
--- 12.051230907440186 seconds ---
912
--- 10.577881574630737 seconds ---
913
--- 10.474730014801025 seconds ---
914
--- 12.227688550949097 seconds ---
915
--- 11.445791006088257 seconds ---
916
--- 10.9348623752594 seconds ---
917
--- 11.388099670410156 seconds ---
918
--- 11.897868633270264 seconds ---
919
--- 10.7899169921875 seconds ---
920
--- 10.669504880905151 seconds ---
921
--- 13.290786266326904 seconds ---
922
--- 10.691411972045898 seconds ---
923
--- 10.217435598373413 seconds ---
924
--- 12.86555814743042 seconds ---
925
--- 10.93910002708435 seconds ---
926
--- 10.529164552688599 seconds ---
927
--- 12.200758934020996 seconds ---
928
--- 11.59402084350586 seconds ---
929
--- 11.065887451171875 seconds ---
930
--- 11.10272765159607 seconds ---
931
--- 11.41300916671753 seconds ---
932
--- 10.417874813079834 seconds ---
933
--- 10.664175510406494 seconds ---
934
--- 12.121411561965942 seconds ---
935
--- 10.280158758163452 seconds ---
936
--- 10.449642419815063 seconds ---
937
--- 12.4162917137146 seconds ---
938
--- 10.913196325302124 seconds ---
939
--- 10.716572284698486 seconds ---
940
--- 10.993715047836304 seconds ---
941
--- 12.189733505249023 seconds ---
942
--- 10.488011121749878 seconds ---
943
--- 11.034494876861572 seconds ---
944
--- 12.644859313964844 seconds ---
945
--- 10.726479053497314 seconds ---
946
--- 10.32626461982727 seconds ---
947
--- 13.118709802627563 seconds ---
948
--- 10.732596635818481 seconds ---
949
--- 11.77331280708313 seconds ---
950
--- 12.593162536621094 seconds ---
951
--- 10.880401849746704 seconds ---
952
--- 10.657657384872437 seconds ---
953
--- 12.825727701187134 seconds ---
954
--- 10.568730115890503 seconds ---
955
--- 10.501402378082275 seconds ---
956
--- 12.633823871612549 seconds ---
957
--- 11.101764917373657 seconds ---
958
--- 10.56861400604248 seconds ---
959
--- 12.057358264923096 seconds ---
960
--- 11.491724252700806 seconds ---
961
--- 12.672364950180054 seconds ---
962
--- 12.630800008773804 seconds ---
963
--- 11.078601121902466 seconds ---
964
--- 10.772964715957642 seconds ---
965
--- 11.87025785446167 seconds ---
966
--- 11.244373559951782 seconds ---
967
--- 10.850078344345093 seconds ---
968
--- 10.786422729492188 seconds ---
969
--- 12.381175518035889 seconds ---
970
--- 10.692448854446411 seconds ---
971
--- 10.21891450881958 seconds ---
972
--- 13.881611108779907 seconds ---
973
--- 10.479642629623413 seconds ---
974
--- 10.463325500488281 seconds ---
975
--- 12.479170560836792 seconds ---
976
--- 11.278838396072388 seconds ---
977
--- 11.045784711837769 seconds ---
978
--- 11.515763759613037 seconds ---
979
--- 11.163847923278809 seconds ---
980
--- 10.782384872436523 seconds ---
981
--- 11.076493740081787 seconds ---
982
--- 12.206637382507324 seconds ---
983
--- 11.126133441925049 seconds ---
984
--- 10.754664897918701 seconds ---
985
--- 11.684250593185425 seconds ---
986
--- 10.443367719650269 seconds ---
987
--- 10.792894124984741 seconds ---
988
--- 12.19157338142395 seconds ---
989
--- 11.296874761581421 seconds ---
990
--- 10.72505497932434 seconds ---
991
--- 11.712470769882202 seconds ---
992
--- 12.21523904800415 seconds ---
993
--- 11.115480899810791 seconds ---
994
--- 10.71871542930603 seconds ---
995
--- 12.455976724624634 seconds ---
996
--- 10.667507648468018 seconds ---
997
--- 10.568087816238403 seconds ---
998
--- 11.984283208847046 seconds ---
999
--- 10.529248237609863 seconds ---
1000
--- 10.393777847290039 seconds ---
1001
--- 12.538208723068237 seconds ---
1002
--- 11.038758039474487 seconds ---
1003
--- 10.81969404220581 seconds ---
1004
--- 10.948339462280273 seconds ---
1005
--- 11.999638319015503 seconds ---
1006
--- 10.874274253845215 seconds ---
1007
--- 11.162424802780151 seconds ---
1008
--- 12.493653535842896 seconds ---
1009
--- 10.645573377609253 seconds ---
1010
--- 10.51004934310913 seconds ---
1011
--- 13.48740553855896 seconds ---
1012
--- 10.74977707862854 seconds ---
1013
--- 10.606875896453857 seconds ---
1014
--- 12.30768871307373 seconds ---
1015
--- 10.959871292114258 seconds ---
1016
--- 10.824009656906128 seconds ---
1017
--- 12.757302284240723 seconds ---
1018
--- 10.96927285194397 seconds ---
1019
--- 10.143717050552368 seconds ---
1020
--- 12.428591251373291 seconds ---
1021
--- 10.753149271011353 seconds ---
1022
--- 10.506487369537354 seconds ---
1023
--- 13.124655723571777 seconds ---
1024
--- 10.922409057617188 seconds ---
1025
--- 10.831040382385254 seconds ---
1026
--- 11.833345413208008 seconds ---
1027
--- 13.426073551177979 seconds ---
1028
--- 10.958451271057129 seconds ---
1029
--- 11.295130729675293 seconds ---
1030
--- 12.189929723739624 seconds ---
1031
--- 10.75014352798462 seconds ---
1032
--- 11.170403480529785 seconds ---
1033
--- 12.490680694580078 seconds ---
1034
--- 10.461798906326294 seconds ---
1035
--- 10.324970245361328 seconds ---
1036
--- 13.465418100357056 seconds ---
1037
--- 10.481673955917358 seconds ---
1038
--- 10.449354410171509 seconds ---
1039
--- 13.662052154541016 seconds ---
1040
--- 12.14166784286499 seconds ---
1041
--- 11.0225830078125 seconds ---
1042
--- 10.972484827041626 seconds ---
1043
--- 11.916525840759277 seconds ---
1044
--- 10.77225375175476 seconds ---
1045
--- 11.366921424865723 seconds ---
1046
--- 12.81580638885498 seconds ---
1047
--- 10.763288259506226 seconds ---
1048
--- 10.484703302383423 seconds ---
1049
--- 13.152304887771606 seconds ---
1050
--- 10.849914073944092 seconds ---
1051
--- 10.542305946350098 seconds ---
1052
--- 13.40267825126648 seconds ---
1053
--- 10.863756656646729 seconds ---
1054
--- 10.533989429473877 seconds ---
1055
--- 12.95228886604309 seconds ---
1056
--- 10.554823875427246 seconds ---
1057
--- 10.499669313430786 seconds ---
1058
--- 12.679138422012329 seconds ---
1059
--- 11.433218479156494 seconds ---
1060
--- 10.6084144115448 seconds ---Using TensorFlow backend.
/home/inversi/.conda/envs/TextProject/lib/python3.5/site-packages/h5py/__init__.py:34: FutureWarning: Conversion of the second argument of issubdtype from `float` to `np.floating` is deprecated. In future, it will be treated as `np.float64 == np.dtype(float).type`.
  from ._conv import register_converters as _register_converters

1061
--- 12.998207807540894 seconds ---
1062
--- 11.312541961669922 seconds ---
1063
--- 10.549059391021729 seconds ---
1064
--- 12.255093812942505 seconds ---
1065
--- 11.067755222320557 seconds ---
1066
--- 11.122164964675903 seconds ---
1067
--- 11.839268684387207 seconds ---
1068
--- 11.83271336555481 seconds ---
1069
--- 10.925159931182861 seconds ---
1070
--- 11.56560206413269 seconds ---
1071
--- 11.37977385520935 seconds ---
1072
--- 10.902976274490356 seconds ---
1073
--- 11.30025315284729 seconds ---
1074
--- 11.260117292404175 seconds ---
1075
--- 11.150226593017578 seconds ---
1076
--- 11.638094186782837 seconds ---
1077
--- 10.933470964431763 seconds ---
1078
--- 11.130092859268188 seconds ---
1079
--- 11.700530529022217 seconds ---
1080
--- 11.073710441589355 seconds ---
1081
--- 11.521400213241577 seconds ---
1082
--- 10.747949600219727 seconds ---
1083
--- 11.482069253921509 seconds ---
1084
--- 11.16727614402771 seconds ---
1085
--- 12.195042610168457 seconds ---
1086
--- 10.678617477416992 seconds ---
1087
--- 11.365399599075317 seconds ---
1088
--- 11.121084690093994 seconds ---
1089
--- 11.321731328964233 seconds ---
1090
--- 11.422884702682495 seconds ---
1091
--- 11.371963739395142 seconds ---
1092
--- 11.719728231430054 seconds ---
1093
--- 10.973617792129517 seconds ---
1094
--- 11.318999528884888 seconds ---
1095
--- 11.285758972167969 seconds ---
1096
--- 11.32632327079773 seconds ---
1097
--- 11.551688432693481 seconds ---
1098
--- 11.376256465911865 seconds ---
1099
--- 10.888262510299683 seconds ---
1100
--- 12.084617376327515 seconds ---
1101
--- 10.931005477905273 seconds ---
1102
--- 11.785751342773438 seconds ---
1103
--- 10.692598104476929 seconds ---
1104
--- 11.46384596824646 seconds ---
1105
--- 11.375752687454224 seconds ---
1106
--- 10.97475790977478 seconds ---
1107
--- 11.64344072341919 seconds ---
1108
--- 12.137712955474854 seconds ---
1109
--- 12.314143657684326 seconds ---
1110
--- 10.534917116165161 seconds ---
1111
--- 11.491330862045288 seconds ---
1112
--- 10.801891565322876 seconds ---
1113
--- 11.829786777496338 seconds ---
1114
--- 10.75541353225708 seconds ---
1115
--- 11.423015356063843 seconds ---
1116
--- 11.113482475280762 seconds ---
1117
--- 11.029646873474121 seconds ---
1118
--- 11.44880199432373 seconds ---
1119
--- 10.943519353866577 seconds ---
1120
--- 11.73726487159729 seconds ---
1121
--- 11.898874521255493 seconds ---
1122
--- 12.279122114181519 seconds ---
1123
--- 10.91285252571106 seconds ---
1124
--- 11.713440179824829 seconds ---
1125
--- 10.979036092758179 seconds ---
1126
--- 11.199451446533203 seconds ---
1127
--- 11.344019412994385 seconds ---
1128
--- 10.943594455718994 seconds ---
1129
--- 11.176280736923218 seconds ---
1130
--- 10.498626232147217 seconds ---
1131
--- 11.302425622940063 seconds ---
1132
--- 10.770501852035522 seconds ---
