nohup: ignoring input
2018-03-14 12:35:35.801585: W tensorflow/core/platform/cpu_feature_guard.cc:45] The TensorFlow library wasn't compiled to use SSE4.1 instructions, but these are available on your machine and could speed up CPU computations.
2018-03-14 12:35:35.801623: W tensorflow/core/platform/cpu_feature_guard.cc:45] The TensorFlow library wasn't compiled to use SSE4.2 instructions, but these are available on your machine and could speed up CPU computations.
2018-03-14 12:35:35.801630: W tensorflow/core/platform/cpu_feature_guard.cc:45] The TensorFlow library wasn't compiled to use AVX instructions, but these are available on your machine and could speed up CPU computations.
2018-03-14 12:35:35.801634: W tensorflow/core/platform/cpu_feature_guard.cc:45] The TensorFlow library wasn't compiled to use AVX2 instructions, but these are available on your machine and could speed up CPU computations.
2018-03-14 12:35:35.801638: W tensorflow/core/platform/cpu_feature_guard.cc:45] The TensorFlow library wasn't compiled to use FMA instructions, but these are available on your machine and could speed up CPU computations.
2018-03-14 12:35:36.334460: I tensorflow/core/common_runtime/gpu/gpu_device.cc:955] Found device 0 with properties: 
name: Tesla P100-PCIE-16GB
major: 6 minor: 0 memoryClockRate (GHz) 1.3285
pciBusID 0000:03:00.0
Total memory: 15.90GiB
Free memory: 15.61GiB
2018-03-14 12:35:36.334522: I tensorflow/core/common_runtime/gpu/gpu_device.cc:976] DMA: 0 
2018-03-14 12:35:36.334529: I tensorflow/core/common_runtime/gpu/gpu_device.cc:986] 0:   Y 
2018-03-14 12:35:36.334538: I tensorflow/core/common_runtime/gpu/gpu_device.cc:1045] Creating TensorFlow device (/gpu:0) -> (device: 0, name: Tesla P100-PCIE-16GB, pci bus id: 0000:03:00.0)
1
--- 11.58222222328186 seconds ---
2
--- 10.362879991531372 seconds ---
3
--- 10.304255485534668 seconds ---
4
--- 10.544459581375122 seconds ---
5
--- 10.599881172180176 seconds ---
6
--- 11.04127311706543 seconds ---
7
--- 10.026763916015625 seconds ---
8
--- 10.248915195465088 seconds ---
9
--- 10.036969423294067 seconds ---
10
--- 10.407167434692383 seconds ---
11
--- 10.493578433990479 seconds ---
12
--- 9.871031284332275 seconds ---
13
--- 10.239535093307495 seconds ---
14
--- 9.956721544265747 seconds ---
15
--- 9.891304016113281 seconds ---
16
--- 10.123536825180054 seconds ---
17
--- 10.213020086288452 seconds ---
18
--- 10.093509674072266 seconds ---
19
--- 9.953254461288452 seconds ---
20
--- 10.036885023117065 seconds ---
21
--- 10.154022932052612 seconds ---
22
--- 10.68634581565857 seconds ---
23
--- 10.379489660263062 seconds ---
24
--- 10.54512906074524 seconds ---
25
--- 10.320891618728638 seconds ---
26
--- 10.110977172851562 seconds ---
27
--- 10.853426694869995 seconds ---
28
--- 10.005491495132446 seconds ---
29
--- 10.098046064376831 seconds ---
30
--- 10.093342065811157 seconds ---
31
--- 9.960305213928223 seconds ---
32
--- 9.891335010528564 seconds ---
33
--- 9.940008878707886 seconds ---
34
--- 9.990453958511353 seconds ---
35
--- 10.271054744720459 seconds ---
36
--- 10.179709672927856 seconds ---
37
--- 10.091969013214111 seconds ---
38
--- 10.179532766342163 seconds ---
39
--- 10.392134428024292 seconds ---
40
--- 10.580323457717896 seconds ---
41
--- 10.260302066802979 seconds ---
42
--- 10.117337703704834 seconds ---
43
--- 10.047667503356934 seconds ---
44
--- 10.217350959777832 seconds ---
45
--- 10.288979530334473 seconds ---
46
--- 11.701329946517944 seconds ---
47
--- 10.419544219970703 seconds ---
48
--- 10.27391529083252 seconds ---
49
--- 10.176880359649658 seconds ---
50
--- 10.134663343429565 seconds ---
51
--- 10.689815282821655 seconds ---
52
--- 10.06977653503418 seconds ---
53
--- 10.076877117156982 seconds ---
54
--- 10.114952564239502 seconds ---
55
--- 10.112475872039795 seconds ---
56
--- 10.140822649002075 seconds ---
57
--- 10.112051486968994 seconds ---
58
--- 10.173050880432129 seconds ---
59
--- 10.038016080856323 seconds ---
60
--- 10.09538197517395 seconds ---
61
--- 10.446751356124878 seconds ---
62
--- 10.297646045684814 seconds ---
63
--- 10.141502380371094 seconds ---
64
--- 10.173365592956543 seconds ---
65
--- 10.108722686767578 seconds ---
66
--- 10.314546346664429 seconds ---
67
--- 10.865177392959595 seconds ---
68
--- 10.591028213500977 seconds ---
69
--- 10.16618275642395 seconds ---
70
--- 10.12162470817566 seconds ---
71
--- 10.098297595977783 seconds ---
72
--- 9.975470781326294 seconds ---
73
--- 10.313915967941284 seconds ---
74
--- 10.070451736450195 seconds ---
75
--- 10.1787109375 seconds ---
76
--- 10.116111516952515 seconds ---
77
--- 10.066637992858887 seconds ---
78
--- 10.289713382720947 seconds ---
79
--- 9.728408098220825 seconds ---
80
--- 10.25478982925415 seconds ---
81
--- 10.84232473373413 seconds ---
82
--- 10.3722825050354 seconds ---
83
--- 10.021111726760864 seconds ---
84
--- 10.241903066635132 seconds ---
85
--- 9.87322735786438 seconds ---
86
--- 10.190353393554688 seconds ---
87
--- 9.900243282318115 seconds ---
88
--- 10.315462589263916 seconds ---
89
--- 10.547990798950195 seconds ---
90
--- 10.332103490829468 seconds ---
91
--- 10.081580400466919 seconds ---
92
--- 10.342745065689087 seconds ---
93
--- 10.140695333480835 seconds ---
94
--- 10.18049144744873 seconds ---
95
--- 10.093019962310791 seconds ---
96
--- 10.044594526290894 seconds ---
97
--- 9.916099548339844 seconds ---
98
--- 10.079915285110474 seconds ---
99
--- 10.004393815994263 seconds ---
100
--- 10.099254608154297 seconds ---
101
--- 9.87985873222351 seconds ---
102
--- 10.281739234924316 seconds ---
103
--- 10.072806119918823 seconds ---
104
--- 10.474717617034912 seconds ---
105
--- 10.079694509506226 seconds ---
106
--- 10.76061463356018 seconds ---
107
--- 10.389094591140747 seconds ---
108
--- 10.270697116851807 seconds ---
109
--- 9.967794418334961 seconds ---
110
--- 10.043269872665405 seconds ---
111
--- 9.954663038253784 seconds ---
112
--- 10.242661476135254 seconds ---
113
--- 10.53460144996643 seconds ---
114
--- 10.117724180221558 seconds ---
115
--- 10.027580261230469 seconds ---
116
--- 10.237014055252075 seconds ---
117
--- 10.086993932723999 seconds ---
118
--- 10.077850580215454 seconds ---
119
--- 10.101190328598022 seconds ---
120
--- 10.240235567092896 seconds ---
121
--- 9.94978404045105 seconds ---
122
--- 10.229724407196045 seconds ---
123
--- 9.921479225158691 seconds ---
124
--- 10.209898948669434 seconds ---
125
--- 10.063561201095581 seconds ---
126
--- 10.482399702072144 seconds ---
127
--- 10.480554342269897 seconds ---
128
--- 10.363428592681885 seconds ---
129
--- 10.699989080429077 seconds ---
130
--- 10.476601600646973 seconds ---
131
--- 11.032292127609253 seconds ---
132
--- 10.704862594604492 seconds ---
133
--- 10.237678050994873 seconds ---
134
--- 10.327573776245117 seconds ---
135
--- 10.378076553344727 seconds ---
136
--- 10.581759452819824 seconds ---
137
--- 10.438546419143677 seconds ---
138
--- 10.502296686172485 seconds ---
139
--- 11.031646966934204 seconds ---
140
--- 10.55632758140564 seconds ---
141
--- 10.642893075942993 seconds ---
142
--- 10.282871961593628 seconds ---
143
--- 10.313168048858643 seconds ---
144
--- 10.60714054107666 seconds ---
145
--- 10.483200073242188 seconds ---
146
--- 10.603666067123413 seconds ---
147
--- 10.63576364517212 seconds ---
148
--- 10.388026714324951 seconds ---
149
--- 10.631507396697998 seconds ---
150
--- 10.273319244384766 seconds ---
151
--- 10.327580451965332 seconds ---
152
--- 10.614669561386108 seconds ---
153
--- 10.635783195495605 seconds ---
154
--- 10.274899244308472 seconds ---
155
--- 10.489484548568726 seconds ---
156
--- 10.393809080123901 seconds ---
157
--- 10.916463851928711 seconds ---
158
--- 10.499291181564331 seconds ---
159
--- 10.121821403503418 seconds ---
160
--- 10.183268308639526 seconds ---
161
--- 10.606163501739502 seconds ---
162
--- 10.77064323425293 seconds ---
163
--- 10.235895156860352 seconds ---
164
--- 10.515070915222168 seconds ---
165
--- 11.99245572090149 seconds ---
166
--- 10.773033142089844 seconds ---
167
--- 10.445276737213135 seconds ---
168
--- 10.336426973342896 seconds ---
169
--- 10.354876518249512 seconds ---
170
--- 10.31086802482605 seconds ---
171
--- 10.454708337783813 seconds ---
172
--- 10.220332145690918 seconds ---
173
--- 10.484029054641724 seconds ---
174
--- 10.232649087905884 seconds ---
175
--- 10.493007183074951 seconds ---
176
--- 10.539522647857666 seconds ---
177
--- 10.609144926071167 seconds ---
178
--- 10.43669080734253 seconds ---
179
--- 10.765805959701538 seconds ---
180
--- 10.187367916107178 seconds ---
181
--- 10.380937814712524 seconds ---
182
--- 10.332860231399536 seconds ---
183
--- 10.472134590148926 seconds ---
184
--- 10.372678279876709 seconds ---
185
--- 10.67370319366455 seconds ---
186
--- 10.695028066635132 seconds ---
187
--- 10.434090375900269 seconds ---
188
--- 10.319502353668213 seconds ---
189
--- 10.75854229927063 seconds ---
190
--- 10.409873723983765 seconds ---
191
--- 10.369782447814941 seconds ---
192
--- 10.400151491165161 seconds ---
193
--- 10.526063680648804 seconds ---
194
--- 10.502387523651123 seconds ---
195
--- 10.408320903778076 seconds ---
196
--- 10.339061975479126 seconds ---
197
--- 10.596354246139526 seconds ---
198
--- 10.320869207382202 seconds ---
199
--- 10.386972427368164 seconds ---
200
--- 10.349223136901855 seconds ---
201
--- 10.564767360687256 seconds ---
202
--- 10.182143449783325 seconds ---
203
--- 10.336418628692627 seconds ---
204
--- 10.607771873474121 seconds ---
205
--- 10.487106800079346 seconds ---
206
--- 10.370767593383789 seconds ---
207
--- 10.579770565032959 seconds ---
208
--- 10.43098497390747 seconds ---
209
--- 10.504517555236816 seconds ---
210
--- 10.469637393951416 seconds ---
211
--- 10.527073621749878 seconds ---
212
--- 10.279367446899414 seconds ---
213
--- 10.129945993423462 seconds ---
214
--- 10.584999799728394 seconds ---
215
--- 10.787466049194336 seconds ---
216
--- 10.56473422050476 seconds ---
217
--- 10.470770359039307 seconds ---
218
--- 10.599318265914917 seconds ---
219
--- 10.30555248260498 seconds ---
220
--- 10.267581462860107 seconds ---
221
--- 10.47002649307251 seconds ---
222
--- 10.163224935531616 seconds ---
223
--- 11.322893142700195 seconds ---
224
--- 10.501808404922485 seconds ---
225
--- 10.599291324615479 seconds ---
226
--- 10.222870349884033 seconds ---
227
--- 10.345070600509644 seconds ---
228
--- 10.443695545196533 seconds ---
229
--- 10.560208797454834 seconds ---
230
--- 10.425912141799927 seconds ---
231
--- 10.344247341156006 seconds ---
232
--- 10.356872081756592 seconds ---
233
--- 10.370132684707642 seconds ---
234
--- 10.175391912460327 seconds ---
235
--- 10.174224376678467 seconds ---
236
--- 10.181106090545654 seconds ---
237
--- 10.241098642349243 seconds ---
238
--- 10.120318174362183 seconds ---
239
--- 10.110474348068237 seconds ---
240
--- 10.03782320022583 seconds ---
241
--- 10.145540475845337 seconds ---
242
--- 10.063607931137085 seconds ---
243
--- 9.959885597229004 seconds ---
244
--- 10.549326658248901 seconds ---
245
--- 10.208791017532349 seconds ---
246
--- 10.140677213668823 seconds ---
247
--- 10.186942338943481 seconds ---
248
--- 10.651537418365479 seconds ---
249
--- 10.504027605056763 seconds ---
250
--- 10.043972492218018 seconds ---
251
--- 10.02311635017395 seconds ---
252
--- 10.413674592971802 seconds ---
253
--- 10.205991983413696 seconds ---
254
--- 10.249385595321655 seconds ---
255
--- 10.394280910491943 seconds ---
256
--- 10.407668828964233 seconds ---
257
--- 10.576251983642578 seconds ---
258
--- 10.474834680557251 seconds ---
259
--- 10.149080038070679 seconds ---
260
--- 10.136569261550903 seconds ---
261
--- 10.575814008712769 seconds ---
262
--- 10.077116012573242 seconds ---
263
--- 10.048974752426147 seconds ---
264
--- 10.04689359664917 seconds ---
265
--- 9.928601026535034 seconds ---
266
--- 9.975361347198486 seconds ---
267
--- 10.564131259918213 seconds ---
268
--- 10.365306854248047 seconds ---
269
--- 10.376972675323486 seconds ---
270
--- 10.074666261672974 seconds ---
271
--- 10.28922986984253 seconds ---
272
--- 10.289998292922974 seconds ---
273
--- 10.05256724357605 seconds ---
274
--- 10.183372020721436 seconds ---
275
--- 9.988255262374878 seconds ---
276
--- 10.229387283325195 seconds ---
277
--- 9.92331838607788 seconds ---
278
--- 10.06526494026184 seconds ---
279
--- 10.069581747055054 seconds ---
280
--- 9.984488725662231 seconds ---
281
--- 10.42549467086792 seconds ---
282
--- 10.4937903881073 seconds ---
283
--- 10.214887857437134 seconds ---
284
--- 10.147876262664795 seconds ---
285
--- 9.930166721343994 seconds ---
286
--- 10.256623029708862 seconds ---
287
--- 10.267224550247192 seconds ---
288
--- 10.015097379684448 seconds ---
289
--- 10.273576259613037 seconds ---
290
--- 10.14243745803833 seconds ---
291
--- 9.978300094604492 seconds ---
292
--- 10.64685583114624 seconds ---
293
--- 10.372707605361938 seconds ---
294
--- 10.017059087753296 seconds ---
295
--- 10.141819953918457 seconds ---
296
--- 10.190222263336182 seconds ---
297
--- 10.253493309020996 seconds ---
298
--- 10.28607988357544 seconds ---
299
--- 10.014766931533813 seconds ---
300
--- 10.304985046386719 seconds ---
301
--- 10.033340215682983 seconds ---
302
--- 9.93903923034668 seconds ---
303
--- 10.159677505493164 seconds ---
304
--- 9.98345398902893 seconds ---
305
--- 10.189154386520386 seconds ---
306
--- 10.156750679016113 seconds ---
307
--- 10.291752815246582 seconds ---
308
--- 10.297250747680664 seconds ---
309
--- 9.989943504333496 seconds ---
310
--- 10.248696565628052 seconds ---
311
--- 10.1767258644104 seconds ---
312
--- 9.997514247894287 seconds ---
313
--- 10.399848699569702 seconds ---
314
--- 10.070358753204346 seconds ---
315
--- 10.218821287155151 seconds ---
316
--- 10.166566610336304 seconds ---
317
--- 10.281030893325806 seconds ---
318
--- 10.424432039260864 seconds ---
319
--- 10.887639284133911 seconds ---
320
--- 10.390268802642822 seconds ---
321
--- 10.197657823562622 seconds ---
322
--- 9.969197273254395 seconds ---
323
--- 10.059571266174316 seconds ---
324
--- 10.078148126602173 seconds ---
325
--- 10.197072982788086 seconds ---
326
--- 10.340048789978027 seconds ---
327
--- 10.037933588027954 seconds ---
328
--- 10.415886878967285 seconds ---
329
--- 10.378816843032837 seconds ---
330
--- 10.527754545211792 seconds ---
331
--- 9.923607110977173 seconds ---
332
--- 10.10754108428955 seconds ---
333
--- 10.070645809173584 seconds ---
334
--- 10.67756175994873 seconds ---
335
--- 11.792848110198975 seconds ---
336
--- 16.596015214920044 seconds ---
337
--- 17.764096975326538 seconds ---
338
--- 17.130943059921265 seconds ---
339
--- 16.992753744125366 seconds ---
340
--- 18.631181716918945 seconds ---
341
--- 17.68081045150757 seconds ---
342
--- 17.25134563446045 seconds ---
343
--- 16.572538137435913 seconds ---
344
--- 10.705355167388916 seconds ---
345
--- 10.178909063339233 seconds ---
346
--- 10.079150199890137 seconds ---
347
--- 15.266709566116333 seconds ---
348
--- 16.806874990463257 seconds ---
349
--- 17.23675513267517 seconds ---
350
--- 16.504497528076172 seconds ---
351
--- 16.49093270301819 seconds ---
352
--- 17.812612295150757 seconds ---
353
--- 18.560367822647095 seconds ---
354
--- 18.002840280532837 seconds ---
355
--- 10.805336475372314 seconds ---
356
--- 9.961340427398682 seconds ---
357
--- 10.21217393875122 seconds ---
358
--- 10.118621826171875 seconds ---
359
--- 10.304510354995728 seconds ---
360
--- 9.994855403900146 seconds ---
361
--- 9.941693305969238 seconds ---
362
--- 10.52099871635437 seconds ---
363
--- 10.295606136322021 seconds ---
364
--- 10.076339721679688 seconds ---
365
--- 10.214532613754272 seconds ---
366
--- 10.252070188522339 seconds ---
367
--- 10.148666858673096 seconds ---
368
--- 10.192177057266235 seconds ---
369
--- 10.109201908111572 seconds ---
370
--- 10.158003568649292 seconds ---
371
--- 10.1179940700531 seconds ---
372
--- 10.646465063095093 seconds ---
373
--- 9.96565055847168 seconds ---
374
--- 10.631462574005127 seconds ---
375
--- 11.153912782669067 seconds ---
376
--- 13.6327965259552 seconds ---
377
--- 10.018077850341797 seconds ---
378
--- 10.076540470123291 seconds ---
379
--- 10.199803352355957 seconds ---
380
--- 9.917676210403442 seconds ---
381
--- 10.157002687454224 seconds ---
382
--- 10.188092470169067 seconds ---
383
--- 10.185088872909546 seconds ---
384
--- 10.260698795318604 seconds ---
385
--- 9.91002607345581 seconds ---
386
--- 9.970916986465454 seconds ---
387
--- 9.953596115112305 seconds ---
388
--- 13.600653886795044 seconds ---
389
--- 17.515587091445923 seconds ---
390
--- 17.535478591918945 seconds ---
391
--- 17.193966388702393 seconds ---
392
--- 18.539127111434937 seconds ---
393
--- 17.28109574317932 seconds ---
394
--- 17.380443334579468 seconds ---
395
--- 18.585123300552368 seconds ---
396
--- 17.774585485458374 seconds ---
397
--- 17.981388330459595 seconds ---
398
--- 11.28659439086914 seconds ---
399
--- 10.646481275558472 seconds ---
400
--- 9.982157945632935 seconds ---
401
--- 9.99197769165039 seconds ---
402
--- 9.968960762023926 seconds ---
403
--- 10.091472864151001 seconds ---
404
--- 10.14150094985962 seconds ---
405
--- 10.343064546585083 seconds ---
406
--- 10.270656108856201 seconds ---
407
--- 10.380706071853638 seconds ---
408
--- 10.203581809997559 seconds ---
409
--- 10.162981033325195 seconds ---
410
--- 10.044477701187134 seconds ---
411
--- 10.18636155128479 seconds ---
412
--- 10.500709772109985 seconds ---
413
--- 10.056918144226074 seconds ---
414
--- 10.224499702453613 seconds ---
415
--- 10.001524448394775 seconds ---
416
--- 10.47108006477356 seconds ---
417
--- 10.373756647109985 seconds ---
418
--- 10.178056955337524 seconds ---
419
--- 9.929906129837036 seconds ---
420
--- 10.232812404632568 seconds ---
421
--- 10.246559619903564 seconds ---
422
--- 10.070703029632568 seconds ---
423
--- 10.124198198318481 seconds ---
424
--- 9.95325231552124 seconds ---
425
--- 10.143574237823486 seconds ---
426
--- 10.118690967559814 seconds ---
427
--- 10.052260160446167 seconds ---
428
--- 10.084001064300537 seconds ---
429
--- 9.977457284927368 seconds ---
430
--- 10.049819231033325 seconds ---
431
--- 10.174614906311035 seconds ---
432
--- 9.874768733978271 seconds ---
433
--- 10.344622135162354 seconds ---
434
--- 10.050716876983643 seconds ---
435
--- 10.05374526977539 seconds ---
436
--- 10.358412504196167 seconds ---
437
--- 9.91642165184021 seconds ---
438
--- 10.23520016670227 seconds ---
439
--- 10.113508224487305 seconds ---
440
--- 10.1537504196167 seconds ---
441
--- 10.257097482681274 seconds ---
442
--- 10.31965947151184 seconds ---
443
--- 9.902785539627075 seconds ---
444
--- 10.518827438354492 seconds ---
445
--- 10.134450435638428 seconds ---
446
--- 10.054861068725586 seconds ---
447
--- 10.055859088897705 seconds ---
448
--- 10.237842321395874 seconds ---
449
--- 10.60214352607727 seconds ---
450
--- 10.056763887405396 seconds ---
451
--- 10.119929313659668 seconds ---
452
--- 10.31405758857727 seconds ---
453
--- 10.160600423812866 seconds ---
454
--- 10.32485818862915 seconds ---
455
--- 10.093608140945435 seconds ---
456
--- 10.170082807540894 seconds ---
457
--- 10.014963626861572 seconds ---
458
--- 9.868107318878174 seconds ---
459
--- 9.868417263031006 seconds ---
460
--- 10.563517570495605 seconds ---
461
--- 10.061743021011353 seconds ---
462
--- 10.373394250869751 seconds ---
463
--- 10.041800022125244 seconds ---
464
--- 10.246689319610596 seconds ---
465
--- 10.20078182220459 seconds ---
466
--- 10.282998085021973 seconds ---
467
--- 10.159154891967773 seconds ---
468
--- 10.012745141983032 seconds ---
469
--- 9.965912818908691 seconds ---
470
--- 10.098989248275757 seconds ---
471
--- 10.107613325119019 seconds ---
472
--- 10.11831545829773 seconds ---
473
--- 10.167522192001343 seconds ---
474
--- 10.03658151626587 seconds ---
475
--- 9.956249237060547 seconds ---
476
--- 10.330885648727417 seconds ---
477
--- 10.152905225753784 seconds ---
478
--- 10.195557117462158 seconds ---
479
--- 10.233779907226562 seconds ---
480
--- 10.21698784828186 seconds ---
481
--- 10.123051166534424 seconds ---
482
--- 10.010729789733887 seconds ---
483
--- 10.395964622497559 seconds ---
484
--- 10.279367446899414 seconds ---
485
--- 10.390727996826172 seconds ---
486
--- 9.932937622070312 seconds ---
487
--- 10.031652927398682 seconds ---
488
--- 10.011934995651245 seconds ---
489
--- 10.341678142547607 seconds ---
490
--- 9.954550743103027 seconds ---
491
--- 10.179477214813232 seconds ---
492
--- 9.9621741771698 seconds ---
493
--- 9.980256795883179 seconds ---
494
--- 10.61376142501831 seconds ---
495
--- 10.060309648513794 seconds ---
496
--- 10.212898969650269 seconds ---
497
--- 10.074581146240234 seconds ---
498
--- 10.037317037582397 seconds ---
499
--- 10.044833660125732 seconds ---
500
--- 10.011642932891846 seconds ---
501
--- 10.320017576217651 seconds ---
502
--- 10.079490661621094 seconds ---
503
--- 10.15308666229248 seconds ---
504
--- 10.432007074356079 seconds ---
505
--- 10.323750734329224 seconds ---
506
--- 11.273162364959717 seconds ---
507
--- 10.076176881790161 seconds ---
508
--- 9.995763063430786 seconds ---
509
--- 10.25180721282959 seconds ---
510
--- 10.066250085830688 seconds ---
511
--- 9.983828067779541 seconds ---
512
--- 10.143001079559326 seconds ---
513
--- 10.015311002731323 seconds ---
514
--- 10.120709419250488 seconds ---
515
--- 10.159499883651733 seconds ---
516
--- 10.12456202507019 seconds ---
517
--- 9.91719388961792 seconds ---
518
--- 10.110269784927368 seconds ---
519
--- 10.160074234008789 seconds ---
520
--- 9.994022130966187 seconds ---
521
--- 10.160263538360596 seconds ---
522
--- 10.283765077590942 seconds ---
523
--- 10.230041265487671 seconds ---
524
--- 10.295209407806396 seconds ---
525
--- 10.230165719985962 seconds ---
526
--- 10.005104303359985 seconds ---
527
--- 10.21182894706726 seconds ---
528
--- 10.245675802230835 seconds ---
529
--- 10.128318309783936 seconds ---
530
--- 10.10058045387268 seconds ---
531
--- 10.010931730270386 seconds ---
532
--- 10.36604380607605 seconds ---
533
--- 9.967874765396118 seconds ---
534
--- 10.256354570388794 seconds ---
535
--- 10.220132112503052 seconds ---
536
--- 10.298272371292114 seconds ---
537
--- 9.989970445632935 seconds ---
538
--- 10.187849998474121 seconds ---
539
--- 10.064971446990967 seconds ---
540
--- 10.1605064868927 seconds ---
541
--- 10.507089853286743 seconds ---
542
--- 10.224390268325806 seconds ---
543
--- 10.199376821517944 seconds ---
544
--- 10.153300762176514 seconds ---
545
--- 10.247397422790527 seconds ---
546
--- 10.223902940750122 seconds ---
547
--- 10.054256916046143 seconds ---
548
--- 10.045642614364624 seconds ---
549
--- 10.035496473312378 seconds ---
550
--- 10.193009614944458 seconds ---
551
--- 10.2958984375 seconds ---
552
--- 10.190475225448608 seconds ---
553
--- 10.535358667373657 seconds ---
554
--- 10.321295976638794 seconds ---
555
--- 10.421006679534912 seconds ---
556
--- 9.98875617980957 seconds ---
557
--- 10.077270269393921 seconds ---
558
--- 10.05504584312439 seconds ---
559
--- 9.96588134765625 seconds ---
560
--- 9.982817649841309 seconds ---
561
--- 10.037089586257935 seconds ---
562
--- 10.163219213485718 seconds ---
563
--- 10.066974401473999 seconds ---
564
--- 10.112704277038574 seconds ---
565
--- 10.18972659111023 seconds ---
566
--- 10.200457096099854 seconds ---
567
--- 10.004420518875122 seconds ---
568
--- 10.009180068969727 seconds ---
569
--- 10.300779104232788 seconds ---
570
--- 10.137450695037842 seconds ---
571
--- 10.503629207611084 seconds ---
572
--- 10.534721374511719 seconds ---
573
--- 10.511318683624268 seconds ---
574
--- 10.180210590362549 seconds ---
575
--- 10.517897367477417 seconds ---
576
--- 10.367468357086182 seconds ---
577
--- 10.272328853607178 seconds ---
578
--- 10.360844135284424 seconds ---
579
--- 10.699373006820679 seconds ---
580
--- 10.605960845947266 seconds ---
581
--- 10.005842685699463 seconds ---
582
--- 10.42393445968628 seconds ---
583
--- 10.16580605506897 seconds ---
584
--- 9.973923444747925 seconds ---
585
--- 10.06570315361023 seconds ---
586
--- 10.215359210968018 seconds ---
587
--- 10.533341646194458 seconds ---
588
--- 10.015783071517944 seconds ---
589
--- 10.204940795898438 seconds ---
590
--- 9.991978645324707 seconds ---
591
--- 10.25310730934143 seconds ---
592
--- 10.352496862411499 seconds ---
593
--- 10.231627225875854 seconds ---
594
--- 10.129852771759033 seconds ---
595
--- 10.20857310295105 seconds ---
596
--- 10.212090015411377 seconds ---
597
--- 10.107875108718872 seconds ---
598
--- 10.299190282821655 seconds ---
599
--- 10.216639995574951 seconds ---
600
--- 10.013665676116943 seconds ---
601
--- 10.557112216949463 seconds ---
602
--- 10.134210109710693 seconds ---
603
--- 10.24328351020813 seconds ---
604
--- 9.99313759803772 seconds ---
605
--- 10.419589281082153 seconds ---
606
--- 10.310353994369507 seconds ---
607
--- 10.690184593200684 seconds ---
608
--- 10.281514406204224 seconds ---
609
--- 10.548381567001343 seconds ---
610
--- 9.97873830795288 seconds ---
611
--- 10.137542963027954 seconds ---
612
--- 9.837689876556396 seconds ---
613
--- 10.12202525138855 seconds ---
614
--- 10.501451969146729 seconds ---
615
--- 10.382246732711792 seconds ---
616
--- 10.265636444091797 seconds ---
617
--- 9.997528791427612 seconds ---
618
--- 10.32811164855957 seconds ---
619
--- 10.030492067337036 seconds ---
620
--- 10.139022827148438 seconds ---
621
--- 10.283893346786499 seconds ---
622
--- 9.89784860610962 seconds ---
623
--- 10.221267461776733 seconds ---
624
--- 10.152841806411743 seconds ---
625
--- 9.88520097732544 seconds ---
626
--- 10.235639572143555 seconds ---
627
--- 10.142881631851196 seconds ---
628
--- 10.054344654083252 seconds ---
629
--- 10.327653169631958 seconds ---
630
--- 10.22556209564209 seconds ---
631
--- 10.673576354980469 seconds ---
632
--- 10.329819917678833 seconds ---
633
--- 10.125920295715332 seconds ---
634
--- 10.133371353149414 seconds ---
635
--- 9.897983074188232 seconds ---
636
--- 9.938175201416016 seconds ---
637
--- 10.072811126708984 seconds ---
638
--- 9.944134712219238 seconds ---
639
--- 10.255155563354492 seconds ---
640
--- 10.63277554512024 seconds ---
641
--- 10.38301134109497 seconds ---
642
--- 10.038111448287964 seconds ---
643
--- 10.428484439849854 seconds ---
644
--- 10.313159465789795 seconds ---
645
--- 10.532711744308472 seconds ---
646
--- 10.361330509185791 seconds ---
647
--- 10.219342708587646 seconds ---
648
--- 10.112520933151245 seconds ---
649
--- 9.690908432006836 seconds ---
650
--- 10.069748163223267 seconds ---
651
--- 9.975289344787598 seconds ---
652
--- 10.230034351348877 seconds ---
653
--- 10.28431749343872 seconds ---
654
--- 10.361478567123413 seconds ---
655
--- 10.248309850692749 seconds ---
656
--- 10.133122682571411 seconds ---
657
--- 10.09901738166809 seconds ---
658
--- 10.40839958190918 seconds ---
659
--- 10.095568180084229 seconds ---
660
--- 10.72347640991211 seconds ---
661
--- 10.228352785110474 seconds ---
662
--- 9.841420650482178 seconds ---
663
--- 10.429780721664429 seconds ---
664
--- 10.332233428955078 seconds ---
665
--- 10.640865325927734 seconds ---
666
--- 10.250516176223755 seconds ---
667
--- 10.294042587280273 seconds ---
668
--- 10.011612892150879 seconds ---
669
--- 10.060894012451172 seconds ---
670
--- 10.298747777938843 seconds ---
671
--- 10.219152212142944 seconds ---
672
--- 10.108007669448853 seconds ---
673
--- 9.607629537582397 seconds ---
674
--- 10.35187816619873 seconds ---
675
--- 10.040309190750122 seconds ---
676
--- 10.757062196731567 seconds ---
677
--- 10.412205934524536 seconds ---
678
--- 10.286702394485474 seconds ---
679
--- 10.525784969329834 seconds ---
680
--- 10.386384725570679 seconds ---
681
--- 10.164857149124146 seconds ---
682
--- 10.334760427474976 seconds ---
683
--- 10.103318691253662 seconds ---
684
--- 10.29072093963623 seconds ---
685
--- 10.14899230003357 seconds ---
686
--- 10.232730627059937 seconds ---
687
--- 10.513662338256836 seconds ---
688
--- 10.15261697769165 seconds ---
689
--- 10.37312626838684 seconds ---
690
--- 10.28524661064148 seconds ---
691
--- 10.18875789642334 seconds ---
692
--- 9.949230432510376 seconds ---
693
--- 10.131232500076294 seconds ---
694
--- 10.775975227355957 seconds ---
695
--- 10.226776123046875 seconds ---
696
--- 10.088416337966919 seconds ---
697
--- 10.529193878173828 seconds ---
698
--- 10.156060695648193 seconds ---
699
--- 10.246359586715698 seconds ---
700
--- 10.236092805862427 seconds ---
701
--- 9.921781301498413 seconds ---
702
--- 10.394518852233887 seconds ---
703
--- 10.405966758728027 seconds ---
704
--- 10.386178016662598 seconds ---
705
--- 10.031923055648804 seconds ---
706
--- 10.37239122390747 seconds ---
707
--- 10.461146116256714 seconds ---
708
--- 10.322886943817139 seconds ---
709
--- 10.289937019348145 seconds ---
710
--- 9.877150535583496 seconds ---
711
--- 9.846832513809204 seconds ---
712
--- 9.924500226974487 seconds ---
713
--- 10.30465054512024 seconds ---
714
--- 10.015970230102539 seconds ---
715
--- 10.06636929512024 seconds ---
716
--- 9.92310643196106 seconds ---
717
--- 10.562806844711304 seconds ---
718
--- 9.932137489318848 seconds ---
719
--- 10.192148208618164 seconds ---
720
--- 10.242921829223633 seconds ---
721
--- 10.72007966041565 seconds ---
722
--- 10.27750039100647 seconds ---
723
--- 10.002787590026855 seconds ---
724
--- 9.843535900115967 seconds ---
725
--- 10.431315422058105 seconds ---
726
--- 10.004165887832642 seconds ---
727
--- 10.224578142166138 seconds ---
728
--- 10.19187331199646 seconds ---
729
--- 10.198930740356445 seconds ---
730
--- 10.54453420639038 seconds ---
731
--- 10.252105712890625 seconds ---
732
--- 10.08693552017212 seconds ---
733
--- 9.859786748886108 seconds ---
734
--- 10.419887781143188 seconds ---
735
--- 10.186787605285645 seconds ---
736
--- 9.822439432144165 seconds ---
737
--- 9.876014471054077 seconds ---
738
--- 10.118714094161987 seconds ---
739
--- 9.835800170898438 seconds ---
740
--- 10.423689603805542 seconds ---
741
--- 10.049136877059937 seconds ---
742
--- 10.234193325042725 seconds ---
743
--- 10.401750802993774 seconds ---
744
--- 10.069283962249756 seconds ---
745
--- 10.469934940338135 seconds ---
746
--- 10.156026601791382 seconds ---
747
--- 9.89567232131958 seconds ---
748
--- 10.364386320114136 seconds ---
749
--- 10.809576034545898 seconds ---
750
--- 10.141014099121094 seconds ---
751
--- 10.135801553726196 seconds ---
752
--- 9.888213872909546 seconds ---
753
--- 10.11463975906372 seconds ---
754
--- 10.088828802108765 seconds ---
755
--- 10.330859899520874 seconds ---
756
--- 10.246598958969116 seconds ---
757
--- 10.188371658325195 seconds ---
758
--- 10.159455299377441 seconds ---
759
--- 10.018006086349487 seconds ---
760
--- 10.552691459655762 seconds ---
761
--- 10.135437965393066 seconds ---
762
--- 10.044756412506104 seconds ---
763
--- 10.148378849029541 seconds ---
764
--- 10.437750577926636 seconds ---
765
--- 10.714476823806763 seconds ---
766
--- 10.41214895248413 seconds ---
767
--- 10.041484832763672 seconds ---
768
--- 9.991437196731567 seconds ---
769
--- 9.967261552810669 seconds ---
770
--- 9.899724006652832 seconds ---
771
--- 10.192726373672485 seconds ---
772
--- 9.899010181427002 seconds ---
773
--- 10.01636266708374 seconds ---
774
--- 9.951734781265259 seconds ---
775
--- 10.224802732467651 seconds ---
776
--- 9.926812171936035 seconds ---
777
--- 10.262778520584106 seconds ---
778
--- 10.346961498260498 seconds ---
779
--- 10.499430894851685 seconds ---
780
--- 10.671728610992432 seconds ---
781
--- 10.243581533432007 seconds ---
782
--- 9.905225276947021 seconds ---
783
--- 10.441153287887573 seconds ---
784
--- 10.280035257339478 seconds ---
785
--- 10.176846981048584 seconds ---
786
--- 10.10963773727417 seconds ---
787
--- 9.983549356460571 seconds ---
788
--- 10.13127875328064 seconds ---
789
--- 10.28425145149231 seconds ---
790
--- 10.063193798065186 seconds ---
791
--- 10.130405187606812 seconds ---
792
--- 9.77651834487915 seconds ---
793
--- 9.932224750518799 seconds ---
794
--- 10.066377639770508 seconds ---
795
--- 10.052177906036377 seconds ---
796
--- 10.186358213424683 seconds ---
797
--- 10.615175724029541 seconds ---
798
--- 10.41766095161438 seconds ---
799
--- 10.211844682693481 seconds ---
800
--- 10.213967084884644 seconds ---
801
--- 10.353852272033691 seconds ---
802
--- 10.170937776565552 seconds ---
803
--- 10.38564658164978 seconds ---
804
--- 9.972155809402466 seconds ---
805
--- 10.008801937103271 seconds ---
806
--- 10.027409315109253 seconds ---
807
--- 10.008156776428223 seconds ---
808
--- 10.058683633804321 seconds ---
809
--- 9.926748275756836 seconds ---
810
--- 9.999833822250366 seconds ---
811
--- 10.29058051109314 seconds ---
812
--- 10.076205015182495 seconds ---
813
--- 10.091930389404297 seconds ---
814
--- 9.947240829467773 seconds ---
815
--- 10.029534816741943 seconds ---
816
--- 10.175347089767456 seconds ---
817
--- 10.348987102508545 seconds ---
818
--- 10.220695495605469 seconds ---
819
--- 10.375990390777588 seconds ---
820
--- 10.089347839355469 seconds ---
821
--- 10.314684867858887 seconds ---
822
--- 10.232701778411865 seconds ---
823
--- 10.02217173576355 seconds ---
824
--- 9.871919393539429 seconds ---
825
--- 10.277626514434814 seconds ---
826
--- 9.918231725692749 seconds ---
827
--- 10.16831922531128 seconds ---
828
--- 10.172401189804077 seconds ---
829
--- 10.021380424499512 seconds ---
830
--- 9.880573749542236 seconds ---
831
--- 9.994119882583618 seconds ---
832
--- 10.106445789337158 seconds ---
833
--- 10.265432596206665 seconds ---
834
--- 9.875241994857788 seconds ---
835
--- 10.074021100997925 seconds ---
836
--- 10.16882848739624 seconds ---
837
--- 10.138823747634888 seconds ---
838
--- 10.385404109954834 seconds ---
839
--- 10.229287147521973 seconds ---
840
--- 10.058721780776978 seconds ---
841
--- 10.1436448097229 seconds ---
842
--- 10.301721334457397 seconds ---
843
--- 10.530860185623169 seconds ---
844
--- 10.178617715835571 seconds ---
845
--- 9.852946519851685 seconds ---
846
--- 10.024030208587646 seconds ---
847
--- 9.910961866378784 seconds ---
848
--- 10.049485921859741 seconds ---
849
--- 17.035919427871704 seconds ---
850
--- 17.248411178588867 seconds ---
851
--- 17.342155694961548 seconds ---
852
--- 17.35515284538269 seconds ---
853
--- 18.01732563972473 seconds ---
854
--- 17.542598724365234 seconds ---
855
--- 16.676020860671997 seconds ---
856
--- 16.297529458999634 seconds ---
857
--- 10.168748378753662 seconds ---
858
--- 9.954177379608154 seconds ---
859
--- 10.09604549407959 seconds ---
860
--- 9.66354513168335 seconds ---
861
--- 10.004853010177612 seconds ---
862
--- 10.125290632247925 seconds ---
863
--- 10.03839111328125 seconds ---
864
--- 10.51792025566101 seconds ---
865
--- 9.79578709602356 seconds ---
866
--- 10.000106811523438 seconds ---
867
--- 10.666612148284912 seconds ---
868
--- 10.15705418586731 seconds ---
869
--- 10.4662446975708 seconds ---
870
--- 10.220381498336792 seconds ---
871
--- 9.841639518737793 seconds ---
872
--- 10.04823088645935 seconds ---
873
--- 10.13597297668457 seconds ---
874
--- 9.99988079071045 seconds ---
875
--- 9.788818836212158 seconds ---
876
--- 9.985045671463013 seconds ---
877
--- 10.020142078399658 seconds ---
878
--- 10.112086057662964 seconds ---
879
--- 9.846572637557983 seconds ---
880
--- 10.033191442489624 seconds ---
881
--- 10.007770299911499 seconds ---
882
--- 10.14792537689209 seconds ---
883
--- 10.037952423095703 seconds ---
884
--- 9.792787551879883 seconds ---
885
--- 10.17939043045044 seconds ---
886
--- 10.15426778793335 seconds ---
887
--- 10.138307332992554 seconds ---
888
--- 9.871585845947266 seconds ---
889
--- 10.597131252288818 seconds ---
890
--- 10.21491003036499 seconds ---
891
--- 9.943769216537476 seconds ---
892
--- 9.783633708953857 seconds ---
893
--- 10.54424786567688 seconds ---
894
--- 10.262854099273682 seconds ---
895
--- 10.030978918075562 seconds ---
896
--- 10.129629373550415 seconds ---
897
--- 10.118083953857422 seconds ---
898
--- 9.982199907302856 seconds ---
899
--- 10.562206268310547 seconds ---
900
--- 10.01314115524292 seconds ---
901
--- 10.150547742843628 seconds ---
902
--- 9.858154535293579 seconds ---
903
--- 9.974346160888672 seconds ---
904
--- 9.96739411354065 seconds ---
905
--- 10.059092998504639 seconds ---
906
--- 10.177038192749023 seconds ---
907
--- 10.068174362182617 seconds ---
908
--- 10.47915005683899 seconds ---
909
--- 9.983174800872803 seconds ---
910
--- 10.022206783294678 seconds ---
911
--- 10.304042100906372 seconds ---
912
--- 9.947857141494751 seconds ---
913
--- 10.194244146347046 seconds ---
914
--- 10.252462387084961 seconds ---
915
--- 10.229625701904297 seconds ---
916
--- 9.905636548995972 seconds ---
917
--- 10.112096548080444 seconds ---
918
--- 10.152033567428589 seconds ---
919
--- 10.02007007598877 seconds ---
920
--- 10.075079679489136 seconds ---
921
--- 10.455483675003052 seconds ---
922
--- 9.822049140930176 seconds ---
923
--- 10.232887506484985 seconds ---
924
--- 10.166530132293701 seconds ---
925
--- 10.25891399383545 seconds ---
926
--- 9.984989643096924 seconds ---
927
--- 10.025030374526978 seconds ---
928
--- 10.035961866378784 seconds ---
929
--- 10.13704514503479 seconds ---
930
--- 10.046802759170532 seconds ---
931
--- 10.200895309448242 seconds ---
932
--- 10.131746053695679 seconds ---
933
--- 9.848073720932007 seconds ---
934
--- 10.143312215805054 seconds ---
935
--- 10.895194292068481 seconds ---
936
--- 16.428024530410767 seconds ---
937
--- 17.34708333015442 seconds ---
938
--- 16.907843589782715 seconds ---
939
--- 17.82002067565918 seconds ---
940
--- 16.244030714035034 seconds ---
941
--- 17.30202031135559 seconds ---
942
--- 17.711952924728394 seconds ---
943
--- 17.249120712280273 seconds ---
944
--- 16.608928203582764 seconds ---
945
--- 15.859919786453247 seconds ---
946
--- 10.63025164604187 seconds ---
947
--- 10.202523708343506 seconds ---
948
--- 10.176831722259521 seconds ---
949
--- 10.007177829742432 seconds ---
950
--- 9.952912330627441 seconds ---
951
--- 10.272977113723755 seconds ---
952
--- 10.610574722290039 seconds ---
953
--- 9.9365394115448 seconds ---
954
--- 10.179887294769287 seconds ---
955
--- 10.260807037353516 seconds ---
956
--- 10.124727964401245 seconds ---
957
--- 10.268471240997314 seconds ---
958
--- 10.14221453666687 seconds ---
959
--- 9.9733247756958 seconds ---
960
--- 10.381044626235962 seconds ---
961
--- 9.643867015838623 seconds ---
962
--- 10.002317428588867 seconds ---
963
--- 10.063892602920532 seconds ---
964
--- 10.12188172340393 seconds ---
965
--- 10.24121379852295 seconds ---
966
--- 10.2442786693573 seconds ---
967
--- 9.776887655258179 seconds ---
968
--- 9.907934427261353 seconds ---
969
--- 9.9987154006958 seconds ---
970
--- 9.904422044754028 seconds ---
971
--- 9.969656229019165 seconds ---
972
--- 10.065592765808105 seconds ---
973
--- 10.214372873306274 seconds ---
974
--- 10.03053617477417 seconds ---
975
--- 10.425883054733276 seconds ---
976
--- 10.33530068397522 seconds ---
977
--- 9.89136290550232 seconds ---
978
--- 10.427062749862671 seconds ---
979
--- 9.858012199401855 seconds ---
980
--- 10.192801475524902 seconds ---
981
--- 10.117284297943115 seconds ---
982
--- 10.199757099151611 seconds ---
983
--- 10.279645919799805 seconds ---
984
--- 9.83816146850586 seconds ---
985
--- 10.263171672821045 seconds ---
986
--- 10.291475534439087 seconds ---
987
--- 9.967264175415039 seconds ---
988
--- 9.977357387542725 seconds ---
989
--- 10.164782762527466 seconds ---
990
--- 10.165445804595947 seconds ---
991
--- 10.048547267913818 seconds ---
992
--- 9.829441785812378 seconds ---
993
--- 10.13649845123291 seconds ---
994
--- 9.819342613220215 seconds ---
995
--- 10.02766489982605 seconds ---
996
--- 10.140378713607788 seconds ---
997
--- 9.929664373397827 seconds ---
998
--- 9.756294965744019 seconds ---
999
--- 10.077772855758667 seconds ---
1000
--- 10.093255758285522 seconds ---
1001
--- 9.984759092330933 seconds ---
1002
--- 10.024774551391602 seconds ---
1003
--- 10.265498399734497 seconds ---
1004
--- 9.875170230865479 seconds ---
1005
--- 9.824526309967041 seconds ---
1006
--- 10.054697751998901 seconds ---
1007
--- 9.857362270355225 seconds ---
1008
--- 11.217496156692505 seconds ---
1009
--- 10.054619312286377 seconds ---
1010
--- 10.11092209815979 seconds ---
1011
--- 9.959450721740723 seconds ---
1012
--- 10.266242265701294 seconds ---
1013
--- 10.036448001861572 seconds ---
1014
--- 10.634549856185913 seconds ---
1015
--- 10.346313714981079 seconds ---
1016
--- 9.885883331298828 seconds ---
1017
--- 10.1889169216156 seconds ---
1018
--- 10.306895971298218 seconds ---
1019
--- 10.327189683914185 seconds ---
1020
--- 10.175827980041504 seconds ---
1021
--- 9.887407302856445 seconds ---
1022
--- 9.994105339050293 seconds ---
1023
--- 10.379815816879272 seconds ---
1024
--- 10.001220226287842 seconds ---
1025
--- 9.895933628082275 seconds ---
1026
--- 10.178699016571045 seconds ---
1027
--- 10.214876890182495 seconds ---
1028
--- 9.926895141601562 seconds ---
1029
--- 10.12250804901123 seconds ---
1030
--- 10.293400287628174 seconds ---
1031
--- 10.45204782485962 seconds ---
1032
--- 10.19167184829712 seconds ---
1033
--- 10.030280590057373 seconds ---
1034
--- 10.035912036895752 seconds ---
1035
--- 9.935601234436035 seconds ---
1036
--- 10.107467651367188 seconds ---
1037
--- 10.140880346298218 seconds ---
1038
--- 10.064704179763794 seconds ---
1039
--- 9.843412160873413 seconds ---
1040
--- 10.306996822357178 seconds ---
1041
--- 10.280160188674927 seconds ---
1042
--- 10.182767391204834 seconds ---
1043
--- 10.04317855834961 seconds ---
1044
--- 9.978280782699585 seconds ---
1045
--- 10.357712030410767 seconds ---
1046
--- 10.228240489959717 seconds ---
1047
--- 10.191808462142944 seconds ---
1048
--- 10.747059345245361 seconds ---
1049
--- 10.13560962677002 seconds ---
1050
--- 10.388542413711548 seconds ---
1051
--- 10.129704713821411 seconds ---
1052
--- 9.886000633239746 seconds ---
1053
--- 10.158091068267822 seconds ---
1054
--- 10.03422236442566 seconds ---
1055
--- 10.343547821044922 seconds ---
1056
--- 10.366837978363037 seconds ---
1057
--- 9.954831838607788 seconds ---
1058
--- 9.977404832839966 seconds ---
1059
--- 10.29249382019043 seconds ---
1060
--- 9.943876028060913 seconds ---
1061
--- 10.243782758712769 seconds ---
1062
--- 10.416020393371582 seconds ---
1063
--- 9.997760772705078 seconds ---
1064
--- 9.878429174423218 seconds ---Using TensorFlow backend.
/home/inversi/.conda/envs/TextProject/lib/python3.5/site-packages/h5py/__init__.py:34: FutureWarning: Conversion of the second argument of issubdtype from `float` to `np.floating` is deprecated. In future, it will be treated as `np.float64 == np.dtype(float).type`.
  from ._conv import register_converters as _register_converters

1065
--- 9.926928758621216 seconds ---
1066
--- 10.076579332351685 seconds ---
1067
--- 9.854769945144653 seconds ---
1068
--- 10.046328783035278 seconds ---
1069
--- 10.286787033081055 seconds ---
1070
--- 9.84455418586731 seconds ---
1071
--- 9.81881833076477 seconds ---
1072
--- 10.39594578742981 seconds ---
1073
--- 9.874961614608765 seconds ---
1074
--- 9.985084056854248 seconds ---
1075
--- 9.846777439117432 seconds ---
1076
--- 11.336379766464233 seconds ---
1077
--- 10.05750584602356 seconds ---
1078
--- 9.931548357009888 seconds ---
1079
--- 10.181642055511475 seconds ---
1080
--- 9.974632263183594 seconds ---
1081
--- 9.726047039031982 seconds ---
1082
--- 10.055623769760132 seconds ---
1083
--- 10.63106894493103 seconds ---
1084
--- 9.897268056869507 seconds ---
1085
--- 9.883671045303345 seconds ---
1086
--- 9.948346376419067 seconds ---
1087
--- 9.895524501800537 seconds ---
1088
--- 10.057633876800537 seconds ---
1089
--- 9.812557935714722 seconds ---
1090
--- 9.963971138000488 seconds ---
1091
--- 10.127004623413086 seconds ---
1092
--- 9.922479391098022 seconds ---
1093
--- 10.026111364364624 seconds ---
1094
--- 9.879296064376831 seconds ---
1095
--- 9.935904264450073 seconds ---
1096
--- 10.182233095169067 seconds ---
1097
--- 10.366297483444214 seconds ---
1098
--- 10.042880058288574 seconds ---
1099
--- 10.12485122680664 seconds ---
1100
--- 9.91779613494873 seconds ---
1101
--- 10.089323282241821 seconds ---
1102
--- 9.886914730072021 seconds ---
1103
--- 9.808770656585693 seconds ---
1104
--- 10.105104923248291 seconds ---
1105
--- 9.922696352005005 seconds ---
1106
--- 10.052481651306152 seconds ---
1107
--- 10.101938724517822 seconds ---
1108
--- 9.813355445861816 seconds ---
1109
--- 9.980481624603271 seconds ---
1110
--- 10.309563636779785 seconds ---
1111
--- 9.986143350601196 seconds ---
1112
--- 10.257784843444824 seconds ---
1113
--- 10.405222177505493 seconds ---
1114
--- 10.121678113937378 seconds ---
1115
--- 10.110199928283691 seconds ---
1116
--- 10.064685821533203 seconds ---
1117
--- 9.999938249588013 seconds ---
1118
--- 10.281646013259888 seconds ---
1119
--- 10.243550539016724 seconds ---
1120
--- 9.737148523330688 seconds ---
1121
--- 10.430253505706787 seconds ---
1122
--- 10.227715730667114 seconds ---
1123
--- 10.53075909614563 seconds ---
1124
--- 10.097839832305908 seconds ---
1125
--- 10.107095718383789 seconds ---
1126
--- 10.053961992263794 seconds ---
1127
--- 10.512460231781006 seconds ---
1128
--- 10.182034730911255 seconds ---
1129
--- 9.9909086227417 seconds ---
1130
--- 10.215030193328857 seconds ---
1131
--- 10.443053007125854 seconds ---
1132
--- 10.21127986907959 seconds ---
